2016-12-05 15:22:38.755 - Log.master - INFO - Starting the DistAlgo Project with config file: ../config/IncorrPred-innerConflict.ini
2016-12-05 15:22:38.852 - Log.master - INFO - Number of coordinators = 2
2016-12-05 15:22:38.852 - Log.master - INFO - Number of clients = 2
2016-12-05 15:22:38.852 - Log.master - INFO - Number of workers per coordinator = 1
2016-12-05 15:22:38.884 - Log.worker - INFO - Started worker to evaluate policy in file: ../config/policy-example.xml
2016-12-05 15:22:38.884 - Log.worker - DEBUG - Content of Policy File: {'read': [<util.PolicyRule object at 0x103ab8f28>, <util.PolicyRule object at 0x103ac7b70>, <util.PolicyRule object at 0x103ac7be0>, <util.PolicyRule object at 0x103ac7c50>, <util.PolicyRule object at 0x103ac7cc0>, <util.PolicyRule object at 0x103ac7d30>], 'write': [<util.PolicyRule object at 0x103ab8e10>, <util.PolicyRule object at 0x103ab8e48>, <util.PolicyRule object at 0x103ac7ba8>, <util.PolicyRule object at 0x103ac7c18>, <util.PolicyRule object at 0x103ac7c88>, <util.PolicyRule object at 0x103ac7cf8>]}
2016-12-05 15:22:38.903 - Log.worker - INFO - Started worker to evaluate policy in file: ../config/policy-example.xml
2016-12-05 15:22:38.904 - Log.worker - DEBUG - Content of Policy File: {'read': [<util.PolicyRule object at 0x10388a4a8>, <util.PolicyRule object at 0x1038970f0>, <util.PolicyRule object at 0x103897160>, <util.PolicyRule object at 0x1038971d0>, <util.PolicyRule object at 0x103897240>, <util.PolicyRule object at 0x1038972b0>], 'write': [<util.PolicyRule object at 0x103883ef0>, <util.PolicyRule object at 0x10388a3c8>, <util.PolicyRule object at 0x103897128>, <util.PolicyRule object at 0x103897198>, <util.PolicyRule object at 0x103897208>, <util.PolicyRule object at 0x103897278>]}
2016-12-05 15:22:38.913 - Log.database - INFO - Started Database Instance with dbInitFile = ../config/dbPolicy.xml, Min DB Latency = 1 and Max DB Latency = 1
2016-12-05 15:22:38.914 - Log.database - INFO - Initialized DB with:
\Object Attributes = {'41': {'viewCount': [('0', 0)], 'type': [('Tom', 0)]}, '21': {'type': [('viewer', 0)], 'position': [('viewer', 0)], 'history': [('', 0)]}, '22': {'viewCount': [('0', 0)], 'type': [('movie', 0)]}, '51': {'viewCount': [('0', 0)], 'type': [('inc2X', 0)]}, '11': {'type': [('person', 0)], 'position': [('employee', 0)], 'history': [('', 0)]}, '52': {'movie': [('StarWars', 0)], 'type': [('inc2Y', 0)]}, '32': {'movie': [('StarWars', 0)], 'type': [('incY', 0)]}, '12': {'id': [('bank A', 0)], 'type': [('bank', 0)]}, '31': {'viewCount': [('0', 0)], 'type': [('incX', 0)]}, '42': {'movie': [('StarWars', 0)], 'type': [('watch', 0)]}}
2016-12-05 15:22:38.914 - Log.coordinator - INFO - Starting Coordinator with 1 workers
2016-12-05 15:22:38.915 - Log.coordinator - INFO - Starting Coordinator with 1 workers
2016-12-05 15:22:38.916 - Log.master - INFO - All processes completed. Terminating...
2016-12-05 15:22:38.927 - Log.client - INFO - Started Client 1
2016-12-05 15:22:38.928 - Log.client - INFO - Sending following request to coordinator
Request{RequestID: 982c55d1-9a2f-43d1-be70-d6521f96bff6, Object X: 51, Object Y: 52, action: write}
2016-12-05 15:22:38.930 - Log.coordinator - INFO - [COORD 1] Request received from client:

	Request ID = 982c55d1-9a2f-43d1-be70-d6521f96bff6
	ObjectX = 51
	ObjectY = 52
	Action = write
	Is Client = True
	From client = None
	Is Read Only = False
	SessionIdX = None
	SessionIdY = None
	defReadAttrX = []
	defReadAttrY = []
	mightReadAttrX = []
	mightReadAttrY = ['movie']
	mightWriteAttrX = []
	mightWriteAttrY = ['movie']
	cachedUpdatesX = {}
	cachedUpdatesY = {}
	readAttrX = []
	readAttrY = []
	objectSwap = False
	ts = None
2016-12-05 15:22:38.932 - Log.coordinator - INFO - [COORD 2] Request received from coord:

	Request ID = 982c55d1-9a2f-43d1-be70-d6521f96bff6
	ObjectX = 51
	ObjectY = 52
	Action = write
	Is Client = True
	From client = <Client:3f805>
	Is Read Only = False
	SessionIdX = None
	SessionIdY = None
	defReadAttrX = []
	defReadAttrY = []
	mightReadAttrX = []
	mightReadAttrY = ['movie']
	mightWriteAttrX = []
	mightWriteAttrY = ['movie']
	cachedUpdatesX = {}
	cachedUpdatesY = {}
	readAttrX = []
	readAttrY = []
	objectSwap = False
	ts = 1480969358.93182
2016-12-05 15:22:38.934 - Log.worker - INFO - Sending message to initiate database read for attributes not in cache for Request:
	Request ID = 982c55d1-9a2f-43d1-be70-d6521f96bff6
	ObjectX = 51
	ObjectY = 52
	Action = write
	Is Client = True
	From client = <Client:3f805>
	Is Read Only = False
	SessionIdX = None
	SessionIdY = None
	defReadAttrX = []
	defReadAttrY = []
	mightReadAttrX = []
	mightReadAttrY = ['movie']
	mightWriteAttrX = []
	mightWriteAttrY = ['movie']
	cachedUpdatesX = {}
	cachedUpdatesY = {}
	readAttrX = []
	readAttrY = []
	objectSwap = False
	ts = 1480969358.93182
2016-12-05 15:22:38.936 - Log.client - INFO - Started Client 2
2016-12-05 15:22:38.936 - Log.client - INFO - Sending following request to coordinator
Request{RequestID: b78584cb-dbaf-4065-98a2-35565447c80f, Object X: 51, Object Y: 52, action: read}
2016-12-05 15:22:38.936 - Log.database - INFO - Received request from Worker to get attributes for following request: 
	Request ID = 982c55d1-9a2f-43d1-be70-d6521f96bff6
	ObjectX = 51
	ObjectY = 52
	Action = write
	Is Client = True
	From client = <Client:3f805>
	Is Read Only = False
	SessionIdX = None
	SessionIdY = None
	defReadAttrX = []
	defReadAttrY = []
	mightReadAttrX = []
	mightReadAttrY = ['movie']
	mightWriteAttrX = []
	mightWriteAttrY = ['movie']
	cachedUpdatesX = {}
	cachedUpdatesY = {}
	readAttrX = []
	readAttrY = []
	objectSwap = False
	ts = 1480969358.93182
2016-12-05 15:22:38.937 - Log.database - INFO - Sending following response to Worker with updated attributes from database:
	Request ID = 982c55d1-9a2f-43d1-be70-d6521f96bff6
	ObjectX = 51
	ObjectY = 52
	Action = write
	Is Client = True
	From client = <Client:3f805>
	Is Read Only = False
	SessionIdX = None
	SessionIdY = None
	defReadAttrX = []
	defReadAttrY = []
	mightReadAttrX = []
	mightReadAttrY = ['movie']
	mightWriteAttrX = []
	mightWriteAttrY = ['movie']
	cachedUpdatesX = {}
	cachedUpdatesY = {}
	readAttrX = []
	readAttrY = []
	objectSwap = False
	ts = 1480969358.93182
	Evaluation Result = True
\Object X Map read from DB = {'viewCount': '0', 'type': 'inc2X'}
\Object Y Map read from DB = {'movie': 'StarWars', 'type': 'inc2Y'}
2016-12-05 15:22:38.939 - Log.coordinator - INFO - [COORD 1] Request received from client:

	Request ID = b78584cb-dbaf-4065-98a2-35565447c80f
	ObjectX = 51
	ObjectY = 52
	Action = read
	Is Client = True
	From client = None
	Is Read Only = True
	SessionIdX = None
	SessionIdY = None
	defReadAttrX = []
	defReadAttrY = []
	mightReadAttrX = ['viewCount']
	mightReadAttrY = ['movie']
	mightWriteAttrX = []
	mightWriteAttrY = []
	cachedUpdatesX = {}
	cachedUpdatesY = {}
	readAttrX = []
	readAttrY = []
	objectSwap = False
	ts = None
2016-12-05 15:22:38.940 - Log.coordinator - INFO - [COORD 2] Request received from coord:

	Request ID = b78584cb-dbaf-4065-98a2-35565447c80f
	ObjectX = 51
	ObjectY = 52
	Action = read
	Is Client = True
	From client = <Client:3f806>
	Is Read Only = True
	SessionIdX = None
	SessionIdY = None
	defReadAttrX = []
	defReadAttrY = []
	mightReadAttrX = ['viewCount']
	mightReadAttrY = ['movie']
	mightWriteAttrX = []
	mightWriteAttrY = []
	cachedUpdatesX = {}
	cachedUpdatesY = {}
	readAttrX = []
	readAttrY = []
	objectSwap = False
	ts = 1480969358.939483
2016-12-05 15:22:40.940 - Log.worker - INFO - Received following DB response:
	Request ID = 982c55d1-9a2f-43d1-be70-d6521f96bff6
	ObjectX = 51
	ObjectY = 52
	Action = write
	Is Client = True
	From client = <Client:3f805>
	Is Read Only = False
	SessionIdX = None
	SessionIdY = None
	defReadAttrX = []
	defReadAttrY = []
	mightReadAttrX = []
	mightReadAttrY = ['movie']
	mightWriteAttrX = []
	mightWriteAttrY = ['movie']
	cachedUpdatesX = {}
	cachedUpdatesY = {}
	readAttrX = []
	readAttrY = []
	objectSwap = False
	ts = 1480969358.93182
	Evaluation Result = True
\Object X Map read from DB = {'viewCount': '0', 'type': 'inc2X'}
\Object Y Map read from DB = {'movie': 'StarWars', 'type': 'inc2Y'}
2016-12-05 15:22:40.941 - Log.worker - INFO - Sending following Worker Response to Coordinator:
	Request ID = 982c55d1-9a2f-43d1-be70-d6521f96bff6
	ObjectX = 51
	ObjectY = 52
	Action = write
	Is Client = True
	From client = <Client:3f805>
	Is Read Only = False
	SessionIdX = None
	SessionIdY = None
	defReadAttrX = []
	defReadAttrY = []
	mightReadAttrX = []
	mightReadAttrY = ['movie']
	mightWriteAttrX = []
	mightWriteAttrY = ['movie']
	cachedUpdatesX = {}
	cachedUpdatesY = {}
	readAttrX = ['viewCount', 'type']
	readAttrY = ['movie', 'type']
	objectSwap = False
	ts = 1480969358.93182
	Decision = True
	Updated Obj = 51
	Read only Obj = 52
	Map with updates = {'viewCount': '1'}
2016-12-05 15:22:40.944 - Log.worker - INFO - Sending message to initiate database read for attributes not in cache for Request:
	Request ID = b78584cb-dbaf-4065-98a2-35565447c80f
	ObjectX = 51
	ObjectY = 52
	Action = read
	Is Client = True
	From client = <Client:3f806>
	Is Read Only = True
	SessionIdX = None
	SessionIdY = None
	defReadAttrX = []
	defReadAttrY = []
	mightReadAttrX = ['viewCount']
	mightReadAttrY = ['movie']
	mightWriteAttrX = []
	mightWriteAttrY = []
	cachedUpdatesX = {}
	cachedUpdatesY = {}
	readAttrX = []
	readAttrY = []
	objectSwap = False
	ts = 1480969358.939483
2016-12-05 15:22:40.945 - Log.coordinator - INFO - Reached non-local coordinator from worker: local to wroker: ac601c64-b8cf-4cd3-b420-c1782aa216e1, reached to: 9e4a0dfd-5b7a-46a0-8b2d-2b29d83f9e9d
2016-12-05 15:22:40.945 - Log.coordinator - INFO - [COORD RESULT] Result received from worker for request:

	Request ID = 982c55d1-9a2f-43d1-be70-d6521f96bff6
	ObjectX = 51
	ObjectY = 52
	Action = write
	Is Client = True
	From client = <Client:3f805>
	Is Read Only = False
	SessionIdX = None
	SessionIdY = None
	defReadAttrX = []
	defReadAttrY = []
	mightReadAttrX = []
	mightReadAttrY = ['movie']
	mightWriteAttrX = []
	mightWriteAttrY = ['movie']
	cachedUpdatesX = {}
	cachedUpdatesY = {}
	readAttrX = ['viewCount', 'type']
	readAttrY = ['movie', 'type']
	objectSwap = False
	ts = 1480969358.93182
2016-12-05 15:22:40.945 - Log.database - INFO - Received request from Worker to get attributes for following request: 
	Request ID = b78584cb-dbaf-4065-98a2-35565447c80f
	ObjectX = 51
	ObjectY = 52
	Action = read
	Is Client = True
	From client = <Client:3f806>
	Is Read Only = True
	SessionIdX = None
	SessionIdY = None
	defReadAttrX = []
	defReadAttrY = []
	mightReadAttrX = ['viewCount']
	mightReadAttrY = ['movie']
	mightWriteAttrX = []
	mightWriteAttrY = []
	cachedUpdatesX = {}
	cachedUpdatesY = {}
	readAttrX = []
	readAttrY = []
	objectSwap = False
	ts = 1480969358.939483
2016-12-05 15:22:40.946 - Log.database - INFO - Sending following response to Worker with updated attributes from database:
	Request ID = b78584cb-dbaf-4065-98a2-35565447c80f
	ObjectX = 51
	ObjectY = 52
	Action = read
	Is Client = True
	From client = <Client:3f806>
	Is Read Only = True
	SessionIdX = None
	SessionIdY = None
	defReadAttrX = []
	defReadAttrY = []
	mightReadAttrX = ['viewCount']
	mightReadAttrY = ['movie']
	mightWriteAttrX = []
	mightWriteAttrY = []
	cachedUpdatesX = {}
	cachedUpdatesY = {}
	readAttrX = []
	readAttrY = []
	objectSwap = False
	ts = 1480969358.939483
	Evaluation Result = True
\Object X Map read from DB = {'viewCount': '0', 'type': 'inc2X'}
\Object Y Map read from DB = {'movie': 'StarWars', 'type': 'inc2Y'}
2016-12-05 15:22:44.948 - Log.worker - INFO - Received following DB response:
	Request ID = b78584cb-dbaf-4065-98a2-35565447c80f
	ObjectX = 51
	ObjectY = 52
	Action = read
	Is Client = True
	From client = <Client:3f806>
	Is Read Only = True
	SessionIdX = None
	SessionIdY = None
	defReadAttrX = []
	defReadAttrY = []
	mightReadAttrX = ['viewCount']
	mightReadAttrY = ['movie']
	mightWriteAttrX = []
	mightWriteAttrY = []
	cachedUpdatesX = {}
	cachedUpdatesY = {}
	readAttrX = []
	readAttrY = []
	objectSwap = False
	ts = 1480969358.939483
	Evaluation Result = True
\Object X Map read from DB = {'viewCount': '0', 'type': 'inc2X'}
\Object Y Map read from DB = {'movie': 'StarWars', 'type': 'inc2Y'}
2016-12-05 15:22:44.948 - Log.worker - INFO - Sending following Worker Response to Coordinator:
	Request ID = b78584cb-dbaf-4065-98a2-35565447c80f
	ObjectX = 51
	ObjectY = 52
	Action = read
	Is Client = True
	From client = <Client:3f806>
	Is Read Only = True
	SessionIdX = None
	SessionIdY = None
	defReadAttrX = []
	defReadAttrY = []
	mightReadAttrX = ['viewCount']
	mightReadAttrY = ['movie']
	mightWriteAttrX = []
	mightWriteAttrY = []
	cachedUpdatesX = {}
	cachedUpdatesY = {}
	readAttrX = ['viewCount', 'type']
	readAttrY = ['movie', 'type']
	objectSwap = False
	ts = 1480969358.939483
	Decision = True
	Updated Obj = None
	Read only Obj = 52
	Map with updates = {}
2016-12-05 15:22:44.951 - Log.client - INFO - Allow access to client 2 for Request{RequestID: b78584cb-dbaf-4065-98a2-35565447c80f, Object X: 51, Object Y: 52, action: read}
2016-12-05 15:22:44.951 - Log.coordinator - INFO - Restart due to inner conflict for request:

	Request ID = 982c55d1-9a2f-43d1-be70-d6521f96bff6
	ObjectX = 51
	ObjectY = 52
	Action = write
	Is Client = True
	From client = <Client:3f805>
	Is Read Only = False
	SessionIdX = None
	SessionIdY = None
	defReadAttrX = []
	defReadAttrY = []
	mightReadAttrX = []
	mightReadAttrY = ['movie']
	mightWriteAttrX = []
	mightWriteAttrY = ['movie']
	cachedUpdatesX = {}
	cachedUpdatesY = {}
	readAttrX = ['viewCount', 'type']
	readAttrY = ['movie', 'type']
	objectSwap = False
	ts = 1480969358.93182
2016-12-05 15:22:44.952 - Log.coordinator - INFO - [COORD 1] Request received from client:

	Request ID = 982c55d1-9a2f-43d1-be70-d6521f96bff6
	ObjectX = 51
	ObjectY = 52
	Action = write
	Is Client = True
	From client = <Client:3f805>
	Is Read Only = False
	SessionIdX = None
	SessionIdY = None
	defReadAttrX = []
	defReadAttrY = []
	mightReadAttrX = []
	mightReadAttrY = ['movie']
	mightWriteAttrX = []
	mightWriteAttrY = ['movie']
	cachedUpdatesX = {}
	cachedUpdatesY = {}
	readAttrX = ['viewCount', 'type']
	readAttrY = ['movie', 'type']
	objectSwap = False
	ts = 1480969358.93182
2016-12-05 15:22:44.953 - Log.coordinator - INFO - [COORD 2] Request received from coord:

	Request ID = 982c55d1-9a2f-43d1-be70-d6521f96bff6
	ObjectX = 51
	ObjectY = 52
	Action = write
	Is Client = True
	From client = <Client:3f805>
	Is Read Only = False
	SessionIdX = None
	SessionIdY = None
	defReadAttrX = []
	defReadAttrY = []
	mightReadAttrX = []
	mightReadAttrY = ['movie']
	mightWriteAttrX = []
	mightWriteAttrY = ['movie']
	cachedUpdatesX = {}
	cachedUpdatesY = {}
	readAttrX = ['viewCount', 'type']
	readAttrY = ['movie', 'type']
	objectSwap = False
	ts = 1480969364.953136
2016-12-05 15:22:44.954 - Log.worker - INFO - Sending message to initiate database read for attributes not in cache for Request:
	Request ID = 982c55d1-9a2f-43d1-be70-d6521f96bff6
	ObjectX = 51
	ObjectY = 52
	Action = write
	Is Client = True
	From client = <Client:3f805>
	Is Read Only = False
	SessionIdX = None
	SessionIdY = None
	defReadAttrX = []
	defReadAttrY = []
	mightReadAttrX = []
	mightReadAttrY = ['movie']
	mightWriteAttrX = []
	mightWriteAttrY = ['movie']
	cachedUpdatesX = {}
	cachedUpdatesY = {}
	readAttrX = ['viewCount', 'type']
	readAttrY = ['movie', 'type']
	objectSwap = False
	ts = 1480969364.953136
2016-12-05 15:22:44.955 - Log.database - INFO - Received request from Worker to get attributes for following request: 
	Request ID = 982c55d1-9a2f-43d1-be70-d6521f96bff6
	ObjectX = 51
	ObjectY = 52
	Action = write
	Is Client = True
	From client = <Client:3f805>
	Is Read Only = False
	SessionIdX = None
	SessionIdY = None
	defReadAttrX = []
	defReadAttrY = []
	mightReadAttrX = []
	mightReadAttrY = ['movie']
	mightWriteAttrX = []
	mightWriteAttrY = ['movie']
	cachedUpdatesX = {}
	cachedUpdatesY = {}
	readAttrX = ['viewCount', 'type']
	readAttrY = ['movie', 'type']
	objectSwap = False
	ts = 1480969364.953136
2016-12-05 15:22:44.955 - Log.database - INFO - Sending following response to Worker with updated attributes from database:
	Request ID = 982c55d1-9a2f-43d1-be70-d6521f96bff6
	ObjectX = 51
	ObjectY = 52
	Action = write
	Is Client = True
	From client = <Client:3f805>
	Is Read Only = False
	SessionIdX = None
	SessionIdY = None
	defReadAttrX = []
	defReadAttrY = []
	mightReadAttrX = []
	mightReadAttrY = ['movie']
	mightWriteAttrX = []
	mightWriteAttrY = ['movie']
	cachedUpdatesX = {}
	cachedUpdatesY = {}
	readAttrX = ['viewCount', 'type']
	readAttrY = ['movie', 'type']
	objectSwap = False
	ts = 1480969364.953136
	Evaluation Result = True
\Object X Map read from DB = {'viewCount': '0', 'type': 'inc2X'}
\Object Y Map read from DB = {'movie': 'StarWars', 'type': 'inc2Y'}
2016-12-05 15:22:46.957 - Log.worker - INFO - Received following DB response:
	Request ID = 982c55d1-9a2f-43d1-be70-d6521f96bff6
	ObjectX = 51
	ObjectY = 52
	Action = write
	Is Client = True
	From client = <Client:3f805>
	Is Read Only = False
	SessionIdX = None
	SessionIdY = None
	defReadAttrX = []
	defReadAttrY = []
	mightReadAttrX = []
	mightReadAttrY = ['movie']
	mightWriteAttrX = []
	mightWriteAttrY = ['movie']
	cachedUpdatesX = {}
	cachedUpdatesY = {}
	readAttrX = ['viewCount', 'type']
	readAttrY = ['movie', 'type']
	objectSwap = False
	ts = 1480969364.953136
	Evaluation Result = True
\Object X Map read from DB = {'viewCount': '0', 'type': 'inc2X'}
\Object Y Map read from DB = {'movie': 'StarWars', 'type': 'inc2Y'}
2016-12-05 15:22:46.958 - Log.worker - INFO - Sending following Worker Response to Coordinator:
	Request ID = 982c55d1-9a2f-43d1-be70-d6521f96bff6
	ObjectX = 51
	ObjectY = 52
	Action = write
	Is Client = True
	From client = <Client:3f805>
	Is Read Only = False
	SessionIdX = None
	SessionIdY = None
	defReadAttrX = []
	defReadAttrY = []
	mightReadAttrX = []
	mightReadAttrY = ['movie']
	mightWriteAttrX = []
	mightWriteAttrY = ['movie']
	cachedUpdatesX = {}
	cachedUpdatesY = {}
	readAttrX = ['viewCount', 'type']
	readAttrY = ['movie', 'type']
	objectSwap = False
	ts = 1480969364.953136
	Decision = True
	Updated Obj = 51
	Read only Obj = 52
	Map with updates = {'viewCount': '1'}
2016-12-05 15:22:46.960 - Log.coordinator - INFO - Reached non-local coordinator from worker: local to wroker: ac601c64-b8cf-4cd3-b420-c1782aa216e1, reached to: 9e4a0dfd-5b7a-46a0-8b2d-2b29d83f9e9d
2016-12-05 15:22:46.960 - Log.coordinator - INFO - [COORD RESULT] Result received from worker for request:

	Request ID = 982c55d1-9a2f-43d1-be70-d6521f96bff6
	ObjectX = 51
	ObjectY = 52
	Action = write
	Is Client = True
	From client = <Client:3f805>
	Is Read Only = False
	SessionIdX = None
	SessionIdY = None
	defReadAttrX = []
	defReadAttrY = []
	mightReadAttrX = []
	mightReadAttrY = ['movie']
	mightWriteAttrX = []
	mightWriteAttrY = ['movie']
	cachedUpdatesX = {}
	cachedUpdatesY = {}
	readAttrX = ['viewCount', 'type']
	readAttrY = ['movie', 'type']
	objectSwap = False
	ts = 1480969364.953136
2016-12-05 15:22:46.962 - Log.client - INFO - Allow access to client 1 for Request{RequestID: 982c55d1-9a2f-43d1-be70-d6521f96bff6, Object X: 51, Object Y: 52, action: write}
