2016-12-05 19:35:21.472 - Log.master - INFO - Starting the DistAlgo Project with config file: ../config/noBlock.ini
2016-12-05 19:35:21.571 - Log.master - INFO - Number of coordinators = 2
2016-12-05 19:35:21.572 - Log.master - INFO - Number of clients = 2
2016-12-05 19:35:21.572 - Log.master - INFO - Number of workers per coordinator = 1
2016-12-05 19:35:21.612 - Log.worker - INFO - Started worker to evaluate policy in file: ../config/policy-example.xml
2016-12-05 19:35:21.612 - Log.worker - DEBUG - Content of Policy File: {'write': [<util.PolicyRule object at 0x102e56668>, <util.PolicyRule object at 0x102e610b8>, <util.PolicyRule object at 0x102e68278>, <util.PolicyRule object at 0x102e682e8>, <util.PolicyRule object at 0x102e68358>, <util.PolicyRule object at 0x102e68390>, <util.PolicyRule object at 0x102e68400>, <util.PolicyRule object at 0x102e68470>], 'read': [<util.PolicyRule object at 0x102e61198>, <util.PolicyRule object at 0x102e68240>, <util.PolicyRule object at 0x102e682b0>, <util.PolicyRule object at 0x102e68320>, <util.PolicyRule object at 0x102e683c8>, <util.PolicyRule object at 0x102e68438>, <util.PolicyRule object at 0x102e684a8>]}
2016-12-05 19:35:21.628 - Log.worker - INFO - Started worker to evaluate policy in file: ../config/policy-example.xml
2016-12-05 19:35:21.629 - Log.worker - DEBUG - Content of Policy File: {'write': [<util.PolicyRule object at 0x102c23c18>, <util.PolicyRule object at 0x102c2b5f8>, <util.PolicyRule object at 0x102c367b8>, <util.PolicyRule object at 0x102c36828>, <util.PolicyRule object at 0x102c36898>, <util.PolicyRule object at 0x102c368d0>, <util.PolicyRule object at 0x102c36940>, <util.PolicyRule object at 0x102c369b0>], 'read': [<util.PolicyRule object at 0x102c2b6d8>, <util.PolicyRule object at 0x102c36780>, <util.PolicyRule object at 0x102c367f0>, <util.PolicyRule object at 0x102c36860>, <util.PolicyRule object at 0x102c36908>, <util.PolicyRule object at 0x102c36978>, <util.PolicyRule object at 0x102c369e8>]}
2016-12-05 19:35:21.640 - Log.database - INFO - Started Database Instance with dbInitFile = ../config/dbPolicy.xml, Min DB Latency = 1 and Max DB Latency = 1
2016-12-05 19:35:21.641 - Log.database - INFO - Initialized DB with:
\Object Attributes = {'42': {'movie': [('StarWars', 0)], 'type': [('watch', 0)]}, '21': {'position': [('viewer', 0)], 'type': [('viewer', 0)], 'history': [('', 0)]}, '11': {'position': [('employee', 0)], 'type': [('person', 0)], 'history': [('', 0)]}, '71': {'viewCount': [('0', 0)], 'type': [('stressX', 0)]}, '61': {'viewCount': [('0', 0)], 'type': [('starX', 0)], 'history': [('', 0)]}, '41': {'viewCount': [('0', 0)], 'type': [('Tom', 0)]}, '32': {'movie': [('StarWars', 0)], 'type': [('incY', 0)]}, '22': {'viewCount': [('0', 0)], 'type': [('movie', 0)]}, '62': {'movie': [('StarWars', 0)], 'type': [('starY', 0)], 'history': [('', 0)]}, '51': {'viewCount': [('0', 0)], 'type': [('inc2X', 0)]}, '31': {'viewCount': [('0', 0)], 'type': [('incX', 0)]}, '12': {'id': [('bank A', 0)], 'type': [('bank', 0)]}, '72': {'movie': [('StarWars', 0)], 'type': [('stressY', 0)]}, '52': {'movie': [('StarWars', 0)], 'type': [('inc2Y', 0)]}}
2016-12-05 19:35:21.641 - Log.coordinator - INFO - Starting Coordinator with 1 workers
2016-12-05 19:35:21.642 - Log.coordinator - INFO - Starting Coordinator with 1 workers
2016-12-05 19:35:21.643 - Log.master - INFO - All processes completed. Terminating...
2016-12-05 19:35:21.654 - Log.client - INFO - Started Client 1
2016-12-05 19:35:21.655 - Log.client - INFO - Sending following request to coordinator
Request{RequestID: a2e0cae6-1e67-4423-b857-522b43dd22bc, Object X: 11, Object Y: 12, action: write}
2016-12-05 19:35:21.658 - Log.coordinator - INFO - [COORD 1] Request received from client:

	Request ID = a2e0cae6-1e67-4423-b857-522b43dd22bc
	ObjectX = 11
	ObjectY = 12
	Action = write
	Is Client = True
	From client = None
	Is Read Only = False
	SessionIdX = None
	SessionIdY = None
	defReadAttrX = ['position']
	defReadAttrY = ['id']
	mightReadAttrX = ['history']
	mightReadAttrY = []
	mightWriteAttrX = ['history']
	mightWriteAttrY = []
	cachedUpdatesX = {}
	cachedUpdatesY = {}
	readAttrX = []
	readAttrY = []
	objectSwap = True
	ts = None
2016-12-05 19:35:21.659 - Log.coordinator - INFO - [COORD 2] Request received from coord:

	Request ID = a2e0cae6-1e67-4423-b857-522b43dd22bc
	ObjectX = 11
	ObjectY = 12
	Action = write
	Is Client = True
	From client = <Client:26c06>
	Is Read Only = False
	SessionIdX = None
	SessionIdY = None
	defReadAttrX = ['position']
	defReadAttrY = ['id']
	mightReadAttrX = ['history']
	mightReadAttrY = []
	mightWriteAttrX = ['history']
	mightWriteAttrY = []
	cachedUpdatesX = {}
	cachedUpdatesY = {}
	readAttrX = []
	readAttrY = []
	objectSwap = True
	ts = 1480984521.658955
2016-12-05 19:35:21.660 - Log.worker - INFO - Sending message to initiate database read for attributes not in cache for Request:
	Request ID = a2e0cae6-1e67-4423-b857-522b43dd22bc
	ObjectX = 11
	ObjectY = 12
	Action = write
	Is Client = True
	From client = <Client:26c06>
	Is Read Only = False
	SessionIdX = None
	SessionIdY = None
	defReadAttrX = ['position']
	defReadAttrY = ['id']
	mightReadAttrX = ['history']
	mightReadAttrY = []
	mightWriteAttrX = ['history']
	mightWriteAttrY = []
	cachedUpdatesX = {}
	cachedUpdatesY = {}
	readAttrX = []
	readAttrY = []
	objectSwap = True
	ts = 1480984521.658955
2016-12-05 19:35:21.662 - Log.database - INFO - Received request from Worker to get attributes for following request: 
	Request ID = a2e0cae6-1e67-4423-b857-522b43dd22bc
	ObjectX = 11
	ObjectY = 12
	Action = write
	Is Client = True
	From client = <Client:26c06>
	Is Read Only = False
	SessionIdX = None
	SessionIdY = None
	defReadAttrX = ['position']
	defReadAttrY = ['id']
	mightReadAttrX = ['history']
	mightReadAttrY = []
	mightWriteAttrX = ['history']
	mightWriteAttrY = []
	cachedUpdatesX = {}
	cachedUpdatesY = {}
	readAttrX = []
	readAttrY = []
	objectSwap = True
	ts = 1480984521.658955
2016-12-05 19:35:21.663 - Log.database - INFO - Sending following response to Worker with updated attributes from database:
	Request ID = a2e0cae6-1e67-4423-b857-522b43dd22bc
	ObjectX = 11
	ObjectY = 12
	Action = write
	Is Client = True
	From client = <Client:26c06>
	Is Read Only = False
	SessionIdX = None
	SessionIdY = None
	defReadAttrX = ['position']
	defReadAttrY = ['id']
	mightReadAttrX = ['history']
	mightReadAttrY = []
	mightWriteAttrX = ['history']
	mightWriteAttrY = []
	cachedUpdatesX = {}
	cachedUpdatesY = {}
	readAttrX = []
	readAttrY = []
	objectSwap = True
	ts = 1480984521.658955
	Evaluation Result = True
	Object X Map read from DB = {'position': 'employee', 'history': '', 'type': 'person'}
	Object Y Map read from DB = {'id': 'bank A', 'type': 'bank'}
2016-12-05 19:35:21.663 - Log.client - INFO - Started Client 2
2016-12-05 19:35:21.664 - Log.client - INFO - Sending following request to coordinator
Request{RequestID: 51912f15-d095-4569-b120-8a99771138d3, Object X: 11, Object Y: 12, action: read}
2016-12-05 19:35:21.665 - Log.coordinator - INFO - [COORD 1] Request received from client:

	Request ID = 51912f15-d095-4569-b120-8a99771138d3
	ObjectX = 11
	ObjectY = 12
	Action = read
	Is Client = True
	From client = None
	Is Read Only = True
	SessionIdX = None
	SessionIdY = None
	defReadAttrX = ['position']
	defReadAttrY = ['id']
	mightReadAttrX = ['history']
	mightReadAttrY = []
	mightWriteAttrX = []
	mightWriteAttrY = []
	cachedUpdatesX = {}
	cachedUpdatesY = {}
	readAttrX = []
	readAttrY = []
	objectSwap = False
	ts = None
2016-12-05 19:35:21.666 - Log.coordinator - INFO - [COORD 2] Request received from coord:

	Request ID = 51912f15-d095-4569-b120-8a99771138d3
	ObjectX = 11
	ObjectY = 12
	Action = read
	Is Client = True
	From client = <Client:26c05>
	Is Read Only = True
	SessionIdX = None
	SessionIdY = None
	defReadAttrX = ['position']
	defReadAttrY = ['id']
	mightReadAttrX = ['history']
	mightReadAttrY = []
	mightWriteAttrX = []
	mightWriteAttrY = []
	cachedUpdatesX = {}
	cachedUpdatesY = {}
	readAttrX = []
	readAttrY = []
	objectSwap = False
	ts = 1480984521.665818
2016-12-05 19:35:21.668 - Log.worker - INFO - Sending message to initiate database read for attributes not in cache for Request:
	Request ID = 51912f15-d095-4569-b120-8a99771138d3
	ObjectX = 11
	ObjectY = 12
	Action = read
	Is Client = True
	From client = <Client:26c05>
	Is Read Only = True
	SessionIdX = None
	SessionIdY = None
	defReadAttrX = ['position']
	defReadAttrY = ['id']
	mightReadAttrX = ['history']
	mightReadAttrY = []
	mightWriteAttrX = []
	mightWriteAttrY = []
	cachedUpdatesX = {}
	cachedUpdatesY = {}
	readAttrX = []
	readAttrY = []
	objectSwap = False
	ts = 1480984521.665818
2016-12-05 19:35:21.669 - Log.database - INFO - Received request from Worker to get attributes for following request: 
	Request ID = 51912f15-d095-4569-b120-8a99771138d3
	ObjectX = 11
	ObjectY = 12
	Action = read
	Is Client = True
	From client = <Client:26c05>
	Is Read Only = True
	SessionIdX = None
	SessionIdY = None
	defReadAttrX = ['position']
	defReadAttrY = ['id']
	mightReadAttrX = ['history']
	mightReadAttrY = []
	mightWriteAttrX = []
	mightWriteAttrY = []
	cachedUpdatesX = {}
	cachedUpdatesY = {}
	readAttrX = []
	readAttrY = []
	objectSwap = False
	ts = 1480984521.665818
2016-12-05 19:35:21.669 - Log.database - INFO - Sending following response to Worker with updated attributes from database:
	Request ID = 51912f15-d095-4569-b120-8a99771138d3
	ObjectX = 11
	ObjectY = 12
	Action = read
	Is Client = True
	From client = <Client:26c05>
	Is Read Only = True
	SessionIdX = None
	SessionIdY = None
	defReadAttrX = ['position']
	defReadAttrY = ['id']
	mightReadAttrX = ['history']
	mightReadAttrY = []
	mightWriteAttrX = []
	mightWriteAttrY = []
	cachedUpdatesX = {}
	cachedUpdatesY = {}
	readAttrX = []
	readAttrY = []
	objectSwap = False
	ts = 1480984521.665818
	Evaluation Result = True
	Object X Map read from DB = {'position': 'employee', 'history': '', 'type': 'person'}
	Object Y Map read from DB = {'id': 'bank A', 'type': 'bank'}
2016-12-05 19:35:21.670 - Log.worker - INFO - Received following DB response:
	Request ID = 51912f15-d095-4569-b120-8a99771138d3
	ObjectX = 11
	ObjectY = 12
	Action = read
	Is Client = True
	From client = <Client:26c05>
	Is Read Only = True
	SessionIdX = None
	SessionIdY = None
	defReadAttrX = ['position']
	defReadAttrY = ['id']
	mightReadAttrX = ['history']
	mightReadAttrY = []
	mightWriteAttrX = []
	mightWriteAttrY = []
	cachedUpdatesX = {}
	cachedUpdatesY = {}
	readAttrX = []
	readAttrY = []
	objectSwap = False
	ts = 1480984521.665818
	Evaluation Result = True
	Object X Map read from DB = {'position': 'employee', 'history': '', 'type': 'person'}
	Object Y Map read from DB = {'id': 'bank A', 'type': 'bank'}
2016-12-05 19:35:21.671 - Log.worker - INFO - Sending following Worker Response to Coordinator:
	Request ID = 51912f15-d095-4569-b120-8a99771138d3
	ObjectX = 11
	ObjectY = 12
	Action = read
	Is Client = True
	From client = <Client:26c05>
	Is Read Only = True
	SessionIdX = None
	SessionIdY = None
	defReadAttrX = ['position']
	defReadAttrY = ['id']
	mightReadAttrX = ['history']
	mightReadAttrY = []
	mightWriteAttrX = []
	mightWriteAttrY = []
	cachedUpdatesX = {}
	cachedUpdatesY = {}
	readAttrX = ['position', 'history']
	readAttrY = ['id']
	objectSwap = False
	ts = 1480984521.665818
	Decision = False
	Updated Obj = None
	Read only Obj = None
	Map with updates = {}
2016-12-05 19:35:21.672 - Log.client - INFO - Deny access to client 2 for Request{RequestID: 51912f15-d095-4569-b120-8a99771138d3, Object X: 11, Object Y: 12, action: read}
2016-12-05 19:35:21.673 - Log.database - INFO - Dumping final contents of DB:
\Object Attributes = {'42': {'movie': [('StarWars', 0)], 'type': [('watch', 0)]}, '21': {'position': [('viewer', 0)], 'type': [('viewer', 0)], 'history': [('', 0)]}, '11': {'position': [('employee', 0)], 'type': [('person', 0)], 'history': [('', 0)]}, '71': {'viewCount': [('0', 0)], 'type': [('stressX', 0)]}, '61': {'viewCount': [('0', 0)], 'type': [('starX', 0)], 'history': [('', 0)]}, '41': {'viewCount': [('0', 0)], 'type': [('Tom', 0)]}, '32': {'movie': [('StarWars', 0)], 'type': [('incY', 0)]}, '22': {'viewCount': [('0', 0)], 'type': [('movie', 0)]}, '62': {'movie': [('StarWars', 0)], 'type': [('starY', 0)], 'history': [('', 0)]}, '51': {'viewCount': [('0', 0)], 'type': [('inc2X', 0)]}, '31': {'viewCount': [('0', 0)], 'type': [('incX', 0)]}, '12': {'id': [('bank A', 0)], 'type': [('bank', 0)]}, '72': {'movie': [('StarWars', 0)], 'type': [('stressY', 0)]}, '52': {'movie': [('StarWars', 0)], 'type': [('inc2Y', 0)]}}
2016-12-05 19:35:26.664 - Log.worker - INFO - Received following DB response:
	Request ID = a2e0cae6-1e67-4423-b857-522b43dd22bc
	ObjectX = 11
	ObjectY = 12
	Action = write
	Is Client = True
	From client = <Client:26c06>
	Is Read Only = False
	SessionIdX = None
	SessionIdY = None
	defReadAttrX = ['position']
	defReadAttrY = ['id']
	mightReadAttrX = ['history']
	mightReadAttrY = []
	mightWriteAttrX = ['history']
	mightWriteAttrY = []
	cachedUpdatesX = {}
	cachedUpdatesY = {}
	readAttrX = []
	readAttrY = []
	objectSwap = True
	ts = 1480984521.658955
	Evaluation Result = True
	Object X Map read from DB = {'position': 'employee', 'history': '', 'type': 'person'}
	Object Y Map read from DB = {'id': 'bank A', 'type': 'bank'}
2016-12-05 19:35:26.666 - Log.worker - INFO - Sending following Worker Response to Coordinator:
	Request ID = a2e0cae6-1e67-4423-b857-522b43dd22bc
	ObjectX = 11
	ObjectY = 12
	Action = write
	Is Client = True
	From client = <Client:26c06>
	Is Read Only = False
	SessionIdX = None
	SessionIdY = None
	defReadAttrX = ['position']
	defReadAttrY = ['id']
	mightReadAttrX = ['history']
	mightReadAttrY = []
	mightWriteAttrX = ['history']
	mightWriteAttrY = []
	cachedUpdatesX = {}
	cachedUpdatesY = {}
	readAttrX = ['position', 'type', 'history']
	readAttrY = ['id', 'type']
	objectSwap = True
	ts = 1480984521.658955
	Decision = True
	Updated Obj = 11
	Read only Obj = 12
	Map with updates = {'history': 'bank A'}
2016-12-05 19:35:26.668 - Log.coordinator - INFO - [COORD RESULT] Result received from worker for request:

	Request ID = a2e0cae6-1e67-4423-b857-522b43dd22bc
	ObjectX = 11
	ObjectY = 12
	Action = write
	Is Client = True
	From client = <Client:26c06>
	Is Read Only = False
	SessionIdX = None
	SessionIdY = None
	defReadAttrX = ['position']
	defReadAttrY = ['id']
	mightReadAttrX = ['history']
	mightReadAttrY = []
	mightWriteAttrX = ['history']
	mightWriteAttrY = []
	cachedUpdatesX = {}
	cachedUpdatesY = {}
	readAttrX = ['position', 'type', 'history']
	readAttrY = ['id', 'type']
	objectSwap = True
	ts = 1480984521.658955
2016-12-05 19:35:26.668 - Log.coordinator - INFO - Restart due to outer conflict for request:

	Request ID = a2e0cae6-1e67-4423-b857-522b43dd22bc
	ObjectX = 11
	ObjectY = 12
	Action = write
	Is Client = True
	From client = <Client:26c06>
	Is Read Only = False
	SessionIdX = None
	SessionIdY = None
	defReadAttrX = ['position']
	defReadAttrY = ['id']
	mightReadAttrX = ['history']
	mightReadAttrY = []
	mightWriteAttrX = ['history']
	mightWriteAttrY = []
	cachedUpdatesX = {}
	cachedUpdatesY = {}
	readAttrX = ['position', 'type', 'history']
	readAttrY = ['id', 'type']
	objectSwap = True
	ts = 1480984521.658955
2016-12-05 19:35:26.669 - Log.coordinator - INFO - [COORD 1] Request received from client:

	Request ID = a2e0cae6-1e67-4423-b857-522b43dd22bc
	ObjectX = 11
	ObjectY = 12
	Action = write
	Is Client = True
	From client = <Client:26c06>
	Is Read Only = False
	SessionIdX = None
	SessionIdY = None
	defReadAttrX = ['position']
	defReadAttrY = ['id']
	mightReadAttrX = ['history']
	mightReadAttrY = []
	mightWriteAttrX = ['history']
	mightWriteAttrY = []
	cachedUpdatesX = {}
	cachedUpdatesY = {}
	readAttrX = ['position', 'type', 'history']
	readAttrY = ['id', 'type']
	objectSwap = True
	ts = 1480984521.658955
2016-12-05 19:35:26.671 - Log.coordinator - INFO - [COORD 2] Request received from coord:

	Request ID = a2e0cae6-1e67-4423-b857-522b43dd22bc
	ObjectX = 11
	ObjectY = 12
	Action = write
	Is Client = True
	From client = <Client:26c06>
	Is Read Only = False
	SessionIdX = None
	SessionIdY = None
	defReadAttrX = ['position']
	defReadAttrY = ['id']
	mightReadAttrX = ['history']
	mightReadAttrY = []
	mightWriteAttrX = ['history']
	mightWriteAttrY = []
	cachedUpdatesX = {}
	cachedUpdatesY = {}
	readAttrX = ['position', 'type', 'history']
	readAttrY = ['id', 'type']
	objectSwap = True
	ts = 1480984526.670265
2016-12-05 19:35:26.672 - Log.worker - INFO - Sending message to initiate database read for attributes not in cache for Request:
	Request ID = a2e0cae6-1e67-4423-b857-522b43dd22bc
	ObjectX = 11
	ObjectY = 12
	Action = write
	Is Client = True
	From client = <Client:26c06>
	Is Read Only = False
	SessionIdX = None
	SessionIdY = None
	defReadAttrX = ['position']
	defReadAttrY = ['id']
	mightReadAttrX = ['history']
	mightReadAttrY = []
	mightWriteAttrX = ['history']
	mightWriteAttrY = []
	cachedUpdatesX = {}
	cachedUpdatesY = {}
	readAttrX = ['position', 'type', 'history']
	readAttrY = ['id', 'type']
	objectSwap = True
	ts = 1480984526.670265
2016-12-05 19:35:26.673 - Log.database - INFO - Received request from Worker to get attributes for following request: 
	Request ID = a2e0cae6-1e67-4423-b857-522b43dd22bc
	ObjectX = 11
	ObjectY = 12
	Action = write
	Is Client = True
	From client = <Client:26c06>
	Is Read Only = False
	SessionIdX = None
	SessionIdY = None
	defReadAttrX = ['position']
	defReadAttrY = ['id']
	mightReadAttrX = ['history']
	mightReadAttrY = []
	mightWriteAttrX = ['history']
	mightWriteAttrY = []
	cachedUpdatesX = {}
	cachedUpdatesY = {}
	readAttrX = ['position', 'type', 'history']
	readAttrY = ['id', 'type']
	objectSwap = True
	ts = 1480984526.670265
2016-12-05 19:35:26.673 - Log.database - INFO - Sending following response to Worker with updated attributes from database:
	Request ID = a2e0cae6-1e67-4423-b857-522b43dd22bc
	ObjectX = 11
	ObjectY = 12
	Action = write
	Is Client = True
	From client = <Client:26c06>
	Is Read Only = False
	SessionIdX = None
	SessionIdY = None
	defReadAttrX = ['position']
	defReadAttrY = ['id']
	mightReadAttrX = ['history']
	mightReadAttrY = []
	mightWriteAttrX = ['history']
	mightWriteAttrY = []
	cachedUpdatesX = {}
	cachedUpdatesY = {}
	readAttrX = ['position', 'type', 'history']
	readAttrY = ['id', 'type']
	objectSwap = True
	ts = 1480984526.670265
	Evaluation Result = True
	Object X Map read from DB = {'position': 'employee', 'history': '', 'type': 'person'}
	Object Y Map read from DB = {'id': 'bank A', 'type': 'bank'}
2016-12-05 19:35:31.676 - Log.worker - INFO - Received following DB response:
	Request ID = a2e0cae6-1e67-4423-b857-522b43dd22bc
	ObjectX = 11
	ObjectY = 12
	Action = write
	Is Client = True
	From client = <Client:26c06>
	Is Read Only = False
	SessionIdX = None
	SessionIdY = None
	defReadAttrX = ['position']
	defReadAttrY = ['id']
	mightReadAttrX = ['history']
	mightReadAttrY = []
	mightWriteAttrX = ['history']
	mightWriteAttrY = []
	cachedUpdatesX = {}
	cachedUpdatesY = {}
	readAttrX = ['position', 'type', 'history']
	readAttrY = ['id', 'type']
	objectSwap = True
	ts = 1480984526.670265
	Evaluation Result = True
	Object X Map read from DB = {'position': 'employee', 'history': '', 'type': 'person'}
	Object Y Map read from DB = {'id': 'bank A', 'type': 'bank'}
2016-12-05 19:35:31.676 - Log.worker - INFO - Sending following Worker Response to Coordinator:
	Request ID = a2e0cae6-1e67-4423-b857-522b43dd22bc
	ObjectX = 11
	ObjectY = 12
	Action = write
	Is Client = True
	From client = <Client:26c06>
	Is Read Only = False
	SessionIdX = None
	SessionIdY = None
	defReadAttrX = ['position']
	defReadAttrY = ['id']
	mightReadAttrX = ['history']
	mightReadAttrY = []
	mightWriteAttrX = ['history']
	mightWriteAttrY = []
	cachedUpdatesX = {}
	cachedUpdatesY = {}
	readAttrX = ['position', 'type', 'history']
	readAttrY = ['id', 'type']
	objectSwap = True
	ts = 1480984526.670265
	Decision = True
	Updated Obj = 11
	Read only Obj = 12
	Map with updates = {'history': 'bank A'}
2016-12-05 19:35:31.679 - Log.coordinator - INFO - [COORD RESULT] Result received from worker for request:

	Request ID = a2e0cae6-1e67-4423-b857-522b43dd22bc
	ObjectX = 11
	ObjectY = 12
	Action = write
	Is Client = True
	From client = <Client:26c06>
	Is Read Only = False
	SessionIdX = None
	SessionIdY = None
	defReadAttrX = ['position']
	defReadAttrY = ['id']
	mightReadAttrX = ['history']
	mightReadAttrY = []
	mightWriteAttrX = ['history']
	mightWriteAttrY = []
	cachedUpdatesX = {}
	cachedUpdatesY = {}
	readAttrX = ['position', 'type', 'history']
	readAttrY = ['id', 'type']
	objectSwap = True
	ts = 1480984526.670265
2016-12-05 19:35:31.684 - Log.client - INFO - Allow access to client 1 for Request{RequestID: a2e0cae6-1e67-4423-b857-522b43dd22bc, Object X: 11, Object Y: 12, action: write}
2016-12-05 19:35:31.686 - Log.database - INFO - Dumping final contents of DB:
\Object Attributes = {'42': {'movie': [('StarWars', 0)], 'type': [('watch', 0)]}, '21': {'position': [('viewer', 0)], 'type': [('viewer', 0)], 'history': [('', 0)]}, '11': {'position': [('employee', 0)], 'type': [('person', 0)], 'history': [('', 0), ('bank A', 1480984526.670265)]}, '71': {'viewCount': [('0', 0)], 'type': [('stressX', 0)]}, '61': {'viewCount': [('0', 0)], 'type': [('starX', 0)], 'history': [('', 0)]}, '41': {'viewCount': [('0', 0)], 'type': [('Tom', 0)]}, '32': {'movie': [('StarWars', 0)], 'type': [('incY', 0)]}, '22': {'viewCount': [('0', 0)], 'type': [('movie', 0)]}, '62': {'movie': [('StarWars', 0)], 'type': [('starY', 0)], 'history': [('', 0)]}, '51': {'viewCount': [('0', 0)], 'type': [('inc2X', 0)]}, '31': {'viewCount': [('0', 0)], 'type': [('incX', 0)]}, '12': {'id': [('bank A', 0)], 'type': [('bank', 0)]}, '72': {'movie': [('StarWars', 0)], 'type': [('stressY', 0)]}, '52': {'movie': [('StarWars', 0)], 'type': [('inc2Y', 0)]}}
