2016-12-05 03:23:06.908 - Log.master - INFO - Starting the DistAlgo Project with config file: ../config/outerConflict.ini
2016-12-05 03:23:06.997 - Log.master - INFO - Number of coordinators = 2
2016-12-05 03:23:06.997 - Log.master - INFO - Number of clients = 2
2016-12-05 03:23:06.997 - Log.master - INFO - Number of workers per coordinator = 1
2016-12-05 03:23:07.031 - Log.worker - INFO - Started worker to evaluate policy in file: ../config/policy-example.xml
2016-12-05 03:23:07.032 - Log.worker - DEBUG - Content of Policy File: {'read': [<util.PolicyRule object at 0x10c114dd8>, <util.PolicyRule object at 0x10c11cfd0>], 'write': [<util.PolicyRule object at 0x10c114908>, <util.PolicyRule object at 0x10c114cf8>, <util.PolicyRule object at 0x10c11a048>]}
2016-12-05 03:23:07.054 - Log.worker - INFO - Started worker to evaluate policy in file: ../config/policy-example.xml
2016-12-05 03:23:07.054 - Log.worker - DEBUG - Content of Policy File: {'read': [<util.PolicyRule object at 0x10beaa358>, <util.PolicyRule object at 0x10beae550>], 'write': [<util.PolicyRule object at 0x10bea29b0>, <util.PolicyRule object at 0x10beaa278>, <util.PolicyRule object at 0x10beae588>]}
2016-12-05 03:23:07.064 - Log.database - INFO - Started Database Instance with dbInitFile = ../config/dbPolicy.xml, Min DB Latency = 1 and Max DB Latency = 1
2016-12-05 03:23:07.064 - Log.database - INFO - Initialized DB with:
\Object Attributes = {'11': {'position': [('employee', 0)], 'history': [('', 0)], 'type': [('person', 0)]}, '21': {'position': [('viewer', 0)], 'history': [('', 0)], 'type': [('person', 0)]}, '22': {'type': [('movie', 0)], 'viewcount': [('0', 0)]}, '12': {'id': [('bank A', 0)], 'type': [('bank', 0)]}}
2016-12-05 03:23:07.065 - Log.coordinator - INFO - Starting Coordinator with 1 workers
2016-12-05 03:23:07.065 - Log.coordinator - INFO - Starting Coordinator with 1 workers
2016-12-05 03:23:07.067 - Log.master - INFO - All processes completed. Terminating...
2016-12-05 03:23:07.077 - Log.client - INFO - Started Client 1
2016-12-05 03:23:07.078 - Log.client - INFO - Sending following request to coordinator
Request{RequestID: f0b8fa68-3523-485f-ac84-5dd64ac69e84, Object X: 11, Object Y: 12, action: write}
2016-12-05 03:23:07.081 - Log.coordinator - INFO - Request received from client:

	Request ID = f0b8fa68-3523-485f-ac84-5dd64ac69e84
	ObjectX = 11
	ObjectY = 12
	Action = write
	Is Client = True
	From client = None
	Is Read Only = False
	SessionIdX = None
	SessionIdY = None
	defReadAttrX = ['position']
	defReadAttrY = ['id']
	mightReadAttrX = ['history']
	mightReadAttrY = []
	mightWriteAttrX = ['history']
	mightWriteAttrY = []
	cachedUpdatesX = {}
	cachedUpdatesY = {}
	readAttrX = []
	readAttrY = []
	objectSwap = True
	ts = None
2016-12-05 03:23:07.082 - Log.coordinator - INFO - Request received from coord:

	Request ID = f0b8fa68-3523-485f-ac84-5dd64ac69e84
	ObjectX = 11
	ObjectY = 12
	Action = write
	Is Client = True
	From client = <Client:79406>
	Is Read Only = False
	SessionIdX = None
	SessionIdY = None
	defReadAttrX = ['position']
	defReadAttrY = ['id']
	mightReadAttrX = ['history']
	mightReadAttrY = []
	mightWriteAttrX = ['history']
	mightWriteAttrY = []
	cachedUpdatesX = {}
	cachedUpdatesY = {}
	readAttrX = []
	readAttrY = []
	objectSwap = True
	ts = 1480926187.081788
2016-12-05 03:23:07.083 - Log.worker - INFO - Sending message to initiate database read for attributes not in cache for Request:
	Request ID = f0b8fa68-3523-485f-ac84-5dd64ac69e84
	ObjectX = 11
	ObjectY = 12
	Action = write
	Is Client = True
	From client = <Client:79406>
	Is Read Only = False
	SessionIdX = None
	SessionIdY = None
	defReadAttrX = ['position']
	defReadAttrY = ['id']
	mightReadAttrX = ['history']
	mightReadAttrY = []
	mightWriteAttrX = ['history']
	mightWriteAttrY = []
	cachedUpdatesX = {}
	cachedUpdatesY = {}
	readAttrX = []
	readAttrY = []
	objectSwap = True
	ts = 1480926187.081788
2016-12-05 03:23:07.085 - Log.database - INFO - Received request from Worker to get attributes for following request: 
	Request ID = f0b8fa68-3523-485f-ac84-5dd64ac69e84
	ObjectX = 11
	ObjectY = 12
	Action = write
	Is Client = True
	From client = <Client:79406>
	Is Read Only = False
	SessionIdX = None
	SessionIdY = None
	defReadAttrX = ['position']
	defReadAttrY = ['id']
	mightReadAttrX = ['history']
	mightReadAttrY = []
	mightWriteAttrX = ['history']
	mightWriteAttrY = []
	cachedUpdatesX = {}
	cachedUpdatesY = {}
	readAttrX = []
	readAttrY = []
	objectSwap = True
	ts = 1480926187.081788
2016-12-05 03:23:07.085 - Log.database - INFO - Sending following response to Worker with updated attributes from database:
	Request ID = f0b8fa68-3523-485f-ac84-5dd64ac69e84
	ObjectX = 11
	ObjectY = 12
	Action = write
	Is Client = True
	From client = <Client:79406>
	Is Read Only = False
	SessionIdX = None
	SessionIdY = None
	defReadAttrX = ['position']
	defReadAttrY = ['id']
	mightReadAttrX = ['history']
	mightReadAttrY = []
	mightWriteAttrX = ['history']
	mightWriteAttrY = []
	cachedUpdatesX = {}
	cachedUpdatesY = {}
	readAttrX = []
	readAttrY = []
	objectSwap = True
	ts = 1480926187.081788
	Evaluation Result = True
\Object X Map read from DB = {'position': 'employee', 'history': '', 'type': 'person'}
\Object Y Map read from DB = {'id': 'bank A', 'type': 'bank'}
2016-12-05 03:23:07.086 - Log.worker - INFO - Received following DB response:
	Request ID = f0b8fa68-3523-485f-ac84-5dd64ac69e84
	ObjectX = 11
	ObjectY = 12
	Action = write
	Is Client = True
	From client = <Client:79406>
	Is Read Only = False
	SessionIdX = None
	SessionIdY = None
	defReadAttrX = ['position']
	defReadAttrY = ['id']
	mightReadAttrX = ['history']
	mightReadAttrY = []
	mightWriteAttrX = ['history']
	mightWriteAttrY = []
	cachedUpdatesX = {}
	cachedUpdatesY = {}
	readAttrX = []
	readAttrY = []
	objectSwap = True
	ts = 1480926187.081788
	Evaluation Result = True
\Object X Map read from DB = {'position': 'employee', 'history': '', 'type': 'person'}
\Object Y Map read from DB = {'id': 'bank A', 'type': 'bank'}
2016-12-05 03:23:07.087 - Log.worker - INFO - Sending following Worker Response to Coordinator:
	Request ID = f0b8fa68-3523-485f-ac84-5dd64ac69e84
	ObjectX = 11
	ObjectY = 12
	Action = write
	Is Client = True
	From client = <Client:79406>
	Is Read Only = False
	SessionIdX = None
	SessionIdY = None
	defReadAttrX = ['position']
	defReadAttrY = ['id']
	mightReadAttrX = ['history']
	mightReadAttrY = []
	mightWriteAttrX = ['history']
	mightWriteAttrY = []
	cachedUpdatesX = {}
	cachedUpdatesY = {}
	readAttrX = ['position', 'history', 'type']
	readAttrY = ['id', 'type']
	objectSwap = True
	ts = 1480926187.081788
	Decision = True
	Updated Obj = 11
	Read only Obj = 12
	Map with updates = {'history': 'bank A'}
2016-12-05 03:23:07.087 - Log.client - INFO - Started Client 2
2016-12-05 03:23:07.088 - Log.client - INFO - Sending following request to coordinator
Request{RequestID: 69b1a618-e7e7-4ebb-bbf5-5a4a744eccd7, Object X: 11, Object Y: 12, action: read}
2016-12-05 03:23:07.089 - Log.coordinator - INFO - Request received from client:

	Request ID = 69b1a618-e7e7-4ebb-bbf5-5a4a744eccd7
	ObjectX = 11
	ObjectY = 12
	Action = read
	Is Client = True
	From client = None
	Is Read Only = True
	SessionIdX = None
	SessionIdY = None
	defReadAttrX = ['position']
	defReadAttrY = ['id']
	mightReadAttrX = ['history']
	mightReadAttrY = []
	mightWriteAttrX = []
	mightWriteAttrY = []
	cachedUpdatesX = {}
	cachedUpdatesY = {}
	readAttrX = []
	readAttrY = []
	objectSwap = False
	ts = None
2016-12-05 03:23:07.090 - Log.coordinator - INFO - Request received from coord:

	Request ID = 69b1a618-e7e7-4ebb-bbf5-5a4a744eccd7
	ObjectX = 11
	ObjectY = 12
	Action = read
	Is Client = True
	From client = <Client:79405>
	Is Read Only = True
	SessionIdX = None
	SessionIdY = None
	defReadAttrX = ['position']
	defReadAttrY = ['id']
	mightReadAttrX = ['history']
	mightReadAttrY = []
	mightWriteAttrX = []
	mightWriteAttrY = []
	cachedUpdatesX = {}
	cachedUpdatesY = {}
	readAttrX = []
	readAttrY = []
	objectSwap = False
	ts = 1480926187.089553
2016-12-05 03:23:07.092 - Log.worker - INFO - Sending message to initiate database read for attributes not in cache for Request:
	Request ID = 69b1a618-e7e7-4ebb-bbf5-5a4a744eccd7
	ObjectX = 11
	ObjectY = 12
	Action = read
	Is Client = True
	From client = <Client:79405>
	Is Read Only = True
	SessionIdX = None
	SessionIdY = None
	defReadAttrX = ['position']
	defReadAttrY = ['id']
	mightReadAttrX = ['history']
	mightReadAttrY = []
	mightWriteAttrX = []
	mightWriteAttrY = []
	cachedUpdatesX = {}
	cachedUpdatesY = {}
	readAttrX = []
	readAttrY = []
	objectSwap = False
	ts = 1480926187.089553
2016-12-05 03:23:07.094 - Log.database - INFO - Received request from Worker to get attributes for following request: 
	Request ID = 69b1a618-e7e7-4ebb-bbf5-5a4a744eccd7
	ObjectX = 11
	ObjectY = 12
	Action = read
	Is Client = True
	From client = <Client:79405>
	Is Read Only = True
	SessionIdX = None
	SessionIdY = None
	defReadAttrX = ['position']
	defReadAttrY = ['id']
	mightReadAttrX = ['history']
	mightReadAttrY = []
	mightWriteAttrX = []
	mightWriteAttrY = []
	cachedUpdatesX = {}
	cachedUpdatesY = {}
	readAttrX = []
	readAttrY = []
	objectSwap = False
	ts = 1480926187.089553
2016-12-05 03:23:07.094 - Log.database - INFO - Sending following response to Worker with updated attributes from database:
	Request ID = 69b1a618-e7e7-4ebb-bbf5-5a4a744eccd7
	ObjectX = 11
	ObjectY = 12
	Action = read
	Is Client = True
	From client = <Client:79405>
	Is Read Only = True
	SessionIdX = None
	SessionIdY = None
	defReadAttrX = ['position']
	defReadAttrY = ['id']
	mightReadAttrX = ['history']
	mightReadAttrY = []
	mightWriteAttrX = []
	mightWriteAttrY = []
	cachedUpdatesX = {}
	cachedUpdatesY = {}
	readAttrX = []
	readAttrY = []
	objectSwap = False
	ts = 1480926187.089553
	Evaluation Result = True
\Object X Map read from DB = {'position': 'employee', 'history': '', 'type': 'person'}
\Object Y Map read from DB = {'id': 'bank A', 'type': 'bank'}
2016-12-05 03:23:07.095 - Log.worker - INFO - Received following DB response:
	Request ID = 69b1a618-e7e7-4ebb-bbf5-5a4a744eccd7
	ObjectX = 11
	ObjectY = 12
	Action = read
	Is Client = True
	From client = <Client:79405>
	Is Read Only = True
	SessionIdX = None
	SessionIdY = None
	defReadAttrX = ['position']
	defReadAttrY = ['id']
	mightReadAttrX = ['history']
	mightReadAttrY = []
	mightWriteAttrX = []
	mightWriteAttrY = []
	cachedUpdatesX = {}
	cachedUpdatesY = {}
	readAttrX = []
	readAttrY = []
	objectSwap = False
	ts = 1480926187.089553
	Evaluation Result = True
\Object X Map read from DB = {'position': 'employee', 'history': '', 'type': 'person'}
\Object Y Map read from DB = {'id': 'bank A', 'type': 'bank'}
2016-12-05 03:23:07.096 - Log.worker - INFO - Sending following Worker Response to Coordinator:
	Request ID = 69b1a618-e7e7-4ebb-bbf5-5a4a744eccd7
	ObjectX = 11
	ObjectY = 12
	Action = read
	Is Client = True
	From client = <Client:79405>
	Is Read Only = True
	SessionIdX = None
	SessionIdY = None
	defReadAttrX = ['position']
	defReadAttrY = ['id']
	mightReadAttrX = ['history']
	mightReadAttrY = []
	mightWriteAttrX = []
	mightWriteAttrY = []
	cachedUpdatesX = {}
	cachedUpdatesY = {}
	readAttrX = ['position', 'history']
	readAttrY = ['id']
	objectSwap = False
	ts = 1480926187.089553
	Decision = False
	Updated Obj = None
	Read only Obj = None
	Map with updates = {}
2016-12-05 03:23:07.098 - Log.client - INFO - Deny access to client 2 for Request{RequestID: 69b1a618-e7e7-4ebb-bbf5-5a4a744eccd7, Object X: 11, Object Y: 12, action: read}
2016-12-05 03:23:12.094 - Log.coordinator - INFO - Result received from worker for request:

	Request ID = f0b8fa68-3523-485f-ac84-5dd64ac69e84
	ObjectX = 11
	ObjectY = 12
	Action = write
	Is Client = True
	From client = <Client:79406>
	Is Read Only = False
	SessionIdX = None
	SessionIdY = None
	defReadAttrX = ['position']
	defReadAttrY = ['id']
	mightReadAttrX = ['history']
	mightReadAttrY = []
	mightWriteAttrX = ['history']
	mightWriteAttrY = []
	cachedUpdatesX = {}
	cachedUpdatesY = {}
	readAttrX = ['position', 'history', 'type']
	readAttrY = ['id', 'type']
	objectSwap = True
	ts = 1480926187.081788
2016-12-05 03:23:12.096 - Log.coordinator - INFO - Restart due to outer conflict for request:

	Request ID = f0b8fa68-3523-485f-ac84-5dd64ac69e84
	ObjectX = 11
	ObjectY = 12
	Action = write
	Is Client = True
	From client = <Client:79406>
	Is Read Only = False
	SessionIdX = None
	SessionIdY = None
	defReadAttrX = ['position']
	defReadAttrY = ['id']
	mightReadAttrX = ['history']
	mightReadAttrY = []
	mightWriteAttrX = ['history']
	mightWriteAttrY = []
	cachedUpdatesX = {}
	cachedUpdatesY = {}
	readAttrX = ['position', 'history', 'type']
	readAttrY = ['id', 'type']
	objectSwap = True
	ts = 1480926187.081788
2016-12-05 03:23:12.098 - Log.coordinator - INFO - Request received from client:

	Request ID = f0b8fa68-3523-485f-ac84-5dd64ac69e84
	ObjectX = 11
	ObjectY = 12
	Action = write
	Is Client = True
	From client = <Client:79406>
	Is Read Only = False
	SessionIdX = None
	SessionIdY = None
	defReadAttrX = ['position']
	defReadAttrY = ['id']
	mightReadAttrX = ['history']
	mightReadAttrY = []
	mightWriteAttrX = ['history']
	mightWriteAttrY = []
	cachedUpdatesX = {}
	cachedUpdatesY = {}
	readAttrX = ['position', 'history', 'type']
	readAttrY = ['id', 'type']
	objectSwap = True
	ts = 1480926187.081788
2016-12-05 03:23:12.100 - Log.coordinator - INFO - Request received from coord:

	Request ID = f0b8fa68-3523-485f-ac84-5dd64ac69e84
	ObjectX = 11
	ObjectY = 12
	Action = write
	Is Client = True
	From client = <Client:79406>
	Is Read Only = False
	SessionIdX = None
	SessionIdY = None
	defReadAttrX = ['position']
	defReadAttrY = ['id']
	mightReadAttrX = ['history']
	mightReadAttrY = []
	mightWriteAttrX = ['history']
	mightWriteAttrY = []
	cachedUpdatesX = {}
	cachedUpdatesY = {}
	readAttrX = ['position', 'history', 'type']
	readAttrY = ['id', 'type']
	objectSwap = True
	ts = 1480926192.098822
2016-12-05 03:23:12.101 - Log.worker - INFO - Sending message to initiate database read for attributes not in cache for Request:
	Request ID = f0b8fa68-3523-485f-ac84-5dd64ac69e84
	ObjectX = 11
	ObjectY = 12
	Action = write
	Is Client = True
	From client = <Client:79406>
	Is Read Only = False
	SessionIdX = None
	SessionIdY = None
	defReadAttrX = ['position']
	defReadAttrY = ['id']
	mightReadAttrX = ['history']
	mightReadAttrY = []
	mightWriteAttrX = ['history']
	mightWriteAttrY = []
	cachedUpdatesX = {}
	cachedUpdatesY = {}
	readAttrX = ['position', 'history', 'type']
	readAttrY = ['id', 'type']
	objectSwap = True
	ts = 1480926192.098822
2016-12-05 03:23:12.102 - Log.database - INFO - Received request from Worker to get attributes for following request: 
	Request ID = f0b8fa68-3523-485f-ac84-5dd64ac69e84
	ObjectX = 11
	ObjectY = 12
	Action = write
	Is Client = True
	From client = <Client:79406>
	Is Read Only = False
	SessionIdX = None
	SessionIdY = None
	defReadAttrX = ['position']
	defReadAttrY = ['id']
	mightReadAttrX = ['history']
	mightReadAttrY = []
	mightWriteAttrX = ['history']
	mightWriteAttrY = []
	cachedUpdatesX = {}
	cachedUpdatesY = {}
	readAttrX = ['position', 'history', 'type']
	readAttrY = ['id', 'type']
	objectSwap = True
	ts = 1480926192.098822
2016-12-05 03:23:12.103 - Log.database - INFO - Sending following response to Worker with updated attributes from database:
	Request ID = f0b8fa68-3523-485f-ac84-5dd64ac69e84
	ObjectX = 11
	ObjectY = 12
	Action = write
	Is Client = True
	From client = <Client:79406>
	Is Read Only = False
	SessionIdX = None
	SessionIdY = None
	defReadAttrX = ['position']
	defReadAttrY = ['id']
	mightReadAttrX = ['history']
	mightReadAttrY = []
	mightWriteAttrX = ['history']
	mightWriteAttrY = []
	cachedUpdatesX = {}
	cachedUpdatesY = {}
	readAttrX = ['position', 'history', 'type']
	readAttrY = ['id', 'type']
	objectSwap = True
	ts = 1480926192.098822
	Evaluation Result = True
\Object X Map read from DB = {'position': 'employee', 'history': '', 'type': 'person'}
\Object Y Map read from DB = {'id': 'bank A', 'type': 'bank'}
2016-12-05 03:23:12.104 - Log.worker - INFO - Received following DB response:
	Request ID = f0b8fa68-3523-485f-ac84-5dd64ac69e84
	ObjectX = 11
	ObjectY = 12
	Action = write
	Is Client = True
	From client = <Client:79406>
	Is Read Only = False
	SessionIdX = None
	SessionIdY = None
	defReadAttrX = ['position']
	defReadAttrY = ['id']
	mightReadAttrX = ['history']
	mightReadAttrY = []
	mightWriteAttrX = ['history']
	mightWriteAttrY = []
	cachedUpdatesX = {}
	cachedUpdatesY = {}
	readAttrX = ['position', 'history', 'type']
	readAttrY = ['id', 'type']
	objectSwap = True
	ts = 1480926192.098822
	Evaluation Result = True
\Object X Map read from DB = {'position': 'employee', 'history': '', 'type': 'person'}
\Object Y Map read from DB = {'id': 'bank A', 'type': 'bank'}
2016-12-05 03:23:12.105 - Log.worker - INFO - Sending following Worker Response to Coordinator:
	Request ID = f0b8fa68-3523-485f-ac84-5dd64ac69e84
	ObjectX = 11
	ObjectY = 12
	Action = write
	Is Client = True
	From client = <Client:79406>
	Is Read Only = False
	SessionIdX = None
	SessionIdY = None
	defReadAttrX = ['position']
	defReadAttrY = ['id']
	mightReadAttrX = ['history']
	mightReadAttrY = []
	mightWriteAttrX = ['history']
	mightWriteAttrY = []
	cachedUpdatesX = {}
	cachedUpdatesY = {}
	readAttrX = ['position', 'history', 'type']
	readAttrY = ['id', 'type']
	objectSwap = True
	ts = 1480926192.098822
	Decision = True
	Updated Obj = 11
	Read only Obj = 12
	Map with updates = {'history': 'bank A'}
2016-12-05 03:23:17.110 - Log.coordinator - INFO - Result received from worker for request:

	Request ID = f0b8fa68-3523-485f-ac84-5dd64ac69e84
	ObjectX = 11
	ObjectY = 12
	Action = write
	Is Client = True
	From client = <Client:79406>
	Is Read Only = False
	SessionIdX = None
	SessionIdY = None
	defReadAttrX = ['position']
	defReadAttrY = ['id']
	mightReadAttrX = ['history']
	mightReadAttrY = []
	mightWriteAttrX = ['history']
	mightWriteAttrY = []
	cachedUpdatesX = {}
	cachedUpdatesY = {}
	readAttrX = ['position', 'history', 'type']
	readAttrY = ['id', 'type']
	objectSwap = True
	ts = 1480926192.098822
2016-12-05 03:23:17.112 - Log.client - INFO - Allow access to client 1 for Request{RequestID: f0b8fa68-3523-485f-ac84-5dd64ac69e84, Object X: 11, Object Y: 12, action: write}
2016-12-05 03:48:00.519 - Log.master - INFO - Starting the DistAlgo Project with config file: ../config/outerConflict.ini
2016-12-05 03:48:00.622 - Log.master - INFO - Number of coordinators = 2
2016-12-05 03:48:00.623 - Log.master - INFO - Number of clients = 2
2016-12-05 03:48:00.623 - Log.master - INFO - Number of workers per coordinator = 1
2016-12-05 03:48:00.656 - Log.worker - INFO - Started worker to evaluate policy in file: ../config/policy-example.xml
2016-12-05 03:48:00.656 - Log.worker - DEBUG - Content of Policy File: {'read': [<util.PolicyRule object at 0x10c505cf8>, <util.PolicyRule object at 0x10c50d160>, <util.PolicyRule object at 0x10c50d1d0>], 'write': [<util.PolicyRule object at 0x10c505748>, <util.PolicyRule object at 0x10c505dd8>, <util.PolicyRule object at 0x10c50d198>]}
2016-12-05 03:48:00.676 - Log.worker - INFO - Started worker to evaluate policy in file: ../config/policy-example.xml
2016-12-05 03:48:00.676 - Log.worker - DEBUG - Content of Policy File: {'read': [<util.PolicyRule object at 0x10c296278>, <util.PolicyRule object at 0x10c29c6a0>, <util.PolicyRule object at 0x10c29c710>], 'write': [<util.PolicyRule object at 0x10c28ec18>, <util.PolicyRule object at 0x10c296358>, <util.PolicyRule object at 0x10c29c6d8>]}
2016-12-05 03:48:00.686 - Log.database - INFO - Started Database Instance with dbInitFile = ../config/dbPolicy.xml, Min DB Latency = 1 and Max DB Latency = 1
2016-12-05 03:48:00.686 - Log.database - INFO - Initialized DB with:
\Object Attributes = {'12': {'id': [('bank A', 0)], 'type': [('bank', 0)]}, '21': {'history': [('', 0)], 'type': [('person', 0)], 'position': [('viewer', 0)]}, '22': {'type': [('movie', 0)], 'viewCount': [('0', 0)]}, '11': {'history': [('', 0)], 'type': [('person', 0)], 'position': [('employee', 0)]}}
2016-12-05 03:48:00.687 - Log.coordinator - INFO - Starting Coordinator with 1 workers
2016-12-05 03:48:00.687 - Log.coordinator - INFO - Starting Coordinator with 1 workers
2016-12-05 03:48:00.689 - Log.master - INFO - All processes completed. Terminating...
2016-12-05 03:48:00.700 - Log.client - INFO - Started Client 1
2016-12-05 03:48:00.701 - Log.client - INFO - Sending following request to coordinator
Request{RequestID: 24bb17d2-7c9d-4343-845c-7b9b76159251, Object X: 11, Object Y: 12, action: write}
2016-12-05 03:48:00.703 - Log.coordinator - INFO - Request received from client:

	Request ID = 24bb17d2-7c9d-4343-845c-7b9b76159251
	ObjectX = 11
	ObjectY = 12
	Action = write
	Is Client = True
	From client = None
	Is Read Only = False
	SessionIdX = None
	SessionIdY = None
	defReadAttrX = ['position']
	defReadAttrY = ['id']
	mightReadAttrX = ['history']
	mightReadAttrY = []
	mightWriteAttrX = ['history']
	mightWriteAttrY = []
	cachedUpdatesX = {}
	cachedUpdatesY = {}
	readAttrX = []
	readAttrY = []
	objectSwap = True
	ts = None
2016-12-05 03:48:00.705 - Log.coordinator - INFO - Request received from coord:

	Request ID = 24bb17d2-7c9d-4343-845c-7b9b76159251
	ObjectX = 11
	ObjectY = 12
	Action = write
	Is Client = True
	From client = <Client:c6406>
	Is Read Only = False
	SessionIdX = None
	SessionIdY = None
	defReadAttrX = ['position']
	defReadAttrY = ['id']
	mightReadAttrX = ['history']
	mightReadAttrY = []
	mightWriteAttrX = ['history']
	mightWriteAttrY = []
	cachedUpdatesX = {}
	cachedUpdatesY = {}
	readAttrX = []
	readAttrY = []
	objectSwap = True
	ts = 1480927680.704547
2016-12-05 03:48:00.706 - Log.worker - INFO - Sending message to initiate database read for attributes not in cache for Request:
	Request ID = 24bb17d2-7c9d-4343-845c-7b9b76159251
	ObjectX = 11
	ObjectY = 12
	Action = write
	Is Client = True
	From client = <Client:c6406>
	Is Read Only = False
	SessionIdX = None
	SessionIdY = None
	defReadAttrX = ['position']
	defReadAttrY = ['id']
	mightReadAttrX = ['history']
	mightReadAttrY = []
	mightWriteAttrX = ['history']
	mightWriteAttrY = []
	cachedUpdatesX = {}
	cachedUpdatesY = {}
	readAttrX = []
	readAttrY = []
	objectSwap = True
	ts = 1480927680.704547
2016-12-05 03:48:00.708 - Log.database - INFO - Received request from Worker to get attributes for following request: 
	Request ID = 24bb17d2-7c9d-4343-845c-7b9b76159251
	ObjectX = 11
	ObjectY = 12
	Action = write
	Is Client = True
	From client = <Client:c6406>
	Is Read Only = False
	SessionIdX = None
	SessionIdY = None
	defReadAttrX = ['position']
	defReadAttrY = ['id']
	mightReadAttrX = ['history']
	mightReadAttrY = []
	mightWriteAttrX = ['history']
	mightWriteAttrY = []
	cachedUpdatesX = {}
	cachedUpdatesY = {}
	readAttrX = []
	readAttrY = []
	objectSwap = True
	ts = 1480927680.704547
2016-12-05 03:48:00.708 - Log.database - INFO - Sending following response to Worker with updated attributes from database:
	Request ID = 24bb17d2-7c9d-4343-845c-7b9b76159251
	ObjectX = 11
	ObjectY = 12
	Action = write
	Is Client = True
	From client = <Client:c6406>
	Is Read Only = False
	SessionIdX = None
	SessionIdY = None
	defReadAttrX = ['position']
	defReadAttrY = ['id']
	mightReadAttrX = ['history']
	mightReadAttrY = []
	mightWriteAttrX = ['history']
	mightWriteAttrY = []
	cachedUpdatesX = {}
	cachedUpdatesY = {}
	readAttrX = []
	readAttrY = []
	objectSwap = True
	ts = 1480927680.704547
	Evaluation Result = True
\Object X Map read from DB = {'history': '', 'type': 'person', 'position': 'employee'}
\Object Y Map read from DB = {'id': 'bank A', 'type': 'bank'}
2016-12-05 03:48:00.709 - Log.client - INFO - Started Client 2
2016-12-05 03:48:00.710 - Log.client - INFO - Sending following request to coordinator
Request{RequestID: 7f4a97fb-635d-40de-bd07-a5a1d9138e4e, Object X: 11, Object Y: 12, action: read}
2016-12-05 03:48:00.711 - Log.coordinator - INFO - Request received from client:

	Request ID = 7f4a97fb-635d-40de-bd07-a5a1d9138e4e
	ObjectX = 11
	ObjectY = 12
	Action = read
	Is Client = True
	From client = None
	Is Read Only = True
	SessionIdX = None
	SessionIdY = None
	defReadAttrX = ['position']
	defReadAttrY = ['id']
	mightReadAttrX = ['history']
	mightReadAttrY = []
	mightWriteAttrX = []
	mightWriteAttrY = []
	cachedUpdatesX = {}
	cachedUpdatesY = {}
	readAttrX = []
	readAttrY = []
	objectSwap = False
	ts = None
2016-12-05 03:48:00.712 - Log.coordinator - INFO - Request received from coord:

	Request ID = 7f4a97fb-635d-40de-bd07-a5a1d9138e4e
	ObjectX = 11
	ObjectY = 12
	Action = read
	Is Client = True
	From client = <Client:c6405>
	Is Read Only = True
	SessionIdX = None
	SessionIdY = None
	defReadAttrX = ['position']
	defReadAttrY = ['id']
	mightReadAttrX = ['history']
	mightReadAttrY = []
	mightWriteAttrX = []
	mightWriteAttrY = []
	cachedUpdatesX = {}
	cachedUpdatesY = {}
	readAttrX = []
	readAttrY = []
	objectSwap = False
	ts = 1480927680.711592
2016-12-05 03:48:00.714 - Log.worker - INFO - Sending message to initiate database read for attributes not in cache for Request:
	Request ID = 7f4a97fb-635d-40de-bd07-a5a1d9138e4e
	ObjectX = 11
	ObjectY = 12
	Action = read
	Is Client = True
	From client = <Client:c6405>
	Is Read Only = True
	SessionIdX = None
	SessionIdY = None
	defReadAttrX = ['position']
	defReadAttrY = ['id']
	mightReadAttrX = ['history']
	mightReadAttrY = []
	mightWriteAttrX = []
	mightWriteAttrY = []
	cachedUpdatesX = {}
	cachedUpdatesY = {}
	readAttrX = []
	readAttrY = []
	objectSwap = False
	ts = 1480927680.711592
2016-12-05 03:48:00.715 - Log.database - INFO - Received request from Worker to get attributes for following request: 
	Request ID = 7f4a97fb-635d-40de-bd07-a5a1d9138e4e
	ObjectX = 11
	ObjectY = 12
	Action = read
	Is Client = True
	From client = <Client:c6405>
	Is Read Only = True
	SessionIdX = None
	SessionIdY = None
	defReadAttrX = ['position']
	defReadAttrY = ['id']
	mightReadAttrX = ['history']
	mightReadAttrY = []
	mightWriteAttrX = []
	mightWriteAttrY = []
	cachedUpdatesX = {}
	cachedUpdatesY = {}
	readAttrX = []
	readAttrY = []
	objectSwap = False
	ts = 1480927680.711592
2016-12-05 03:48:00.715 - Log.database - INFO - Sending following response to Worker with updated attributes from database:
	Request ID = 7f4a97fb-635d-40de-bd07-a5a1d9138e4e
	ObjectX = 11
	ObjectY = 12
	Action = read
	Is Client = True
	From client = <Client:c6405>
	Is Read Only = True
	SessionIdX = None
	SessionIdY = None
	defReadAttrX = ['position']
	defReadAttrY = ['id']
	mightReadAttrX = ['history']
	mightReadAttrY = []
	mightWriteAttrX = []
	mightWriteAttrY = []
	cachedUpdatesX = {}
	cachedUpdatesY = {}
	readAttrX = []
	readAttrY = []
	objectSwap = False
	ts = 1480927680.711592
	Evaluation Result = True
\Object X Map read from DB = {'history': '', 'type': 'person', 'position': 'employee'}
\Object Y Map read from DB = {'id': 'bank A', 'type': 'bank'}
2016-12-05 03:48:00.716 - Log.worker - INFO - Received following DB response:
	Request ID = 7f4a97fb-635d-40de-bd07-a5a1d9138e4e
	ObjectX = 11
	ObjectY = 12
	Action = read
	Is Client = True
	From client = <Client:c6405>
	Is Read Only = True
	SessionIdX = None
	SessionIdY = None
	defReadAttrX = ['position']
	defReadAttrY = ['id']
	mightReadAttrX = ['history']
	mightReadAttrY = []
	mightWriteAttrX = []
	mightWriteAttrY = []
	cachedUpdatesX = {}
	cachedUpdatesY = {}
	readAttrX = []
	readAttrY = []
	objectSwap = False
	ts = 1480927680.711592
	Evaluation Result = True
\Object X Map read from DB = {'history': '', 'type': 'person', 'position': 'employee'}
\Object Y Map read from DB = {'id': 'bank A', 'type': 'bank'}
2016-12-05 03:48:00.716 - Log.worker - INFO - Sending following Worker Response to Coordinator:
	Request ID = 7f4a97fb-635d-40de-bd07-a5a1d9138e4e
	ObjectX = 11
	ObjectY = 12
	Action = read
	Is Client = True
	From client = <Client:c6405>
	Is Read Only = True
	SessionIdX = None
	SessionIdY = None
	defReadAttrX = ['position']
	defReadAttrY = ['id']
	mightReadAttrX = ['history']
	mightReadAttrY = []
	mightWriteAttrX = []
	mightWriteAttrY = []
	cachedUpdatesX = {}
	cachedUpdatesY = {}
	readAttrX = ['position', 'history']
	readAttrY = ['id']
	objectSwap = False
	ts = 1480927680.711592
	Decision = False
	Updated Obj = None
	Read only Obj = None
	Map with updates = {}
2016-12-05 03:48:00.718 - Log.client - INFO - Deny access to client 2 for Request{RequestID: 7f4a97fb-635d-40de-bd07-a5a1d9138e4e, Object X: 11, Object Y: 12, action: read}
2016-12-05 03:48:05.711 - Log.worker - INFO - Received following DB response:
	Request ID = 24bb17d2-7c9d-4343-845c-7b9b76159251
	ObjectX = 11
	ObjectY = 12
	Action = write
	Is Client = True
	From client = <Client:c6406>
	Is Read Only = False
	SessionIdX = None
	SessionIdY = None
	defReadAttrX = ['position']
	defReadAttrY = ['id']
	mightReadAttrX = ['history']
	mightReadAttrY = []
	mightWriteAttrX = ['history']
	mightWriteAttrY = []
	cachedUpdatesX = {}
	cachedUpdatesY = {}
	readAttrX = []
	readAttrY = []
	objectSwap = True
	ts = 1480927680.704547
	Evaluation Result = True
\Object X Map read from DB = {'history': '', 'type': 'person', 'position': 'employee'}
\Object Y Map read from DB = {'id': 'bank A', 'type': 'bank'}
2016-12-05 03:48:05.712 - Log.worker - INFO - Sending following Worker Response to Coordinator:
	Request ID = 24bb17d2-7c9d-4343-845c-7b9b76159251
	ObjectX = 11
	ObjectY = 12
	Action = write
	Is Client = True
	From client = <Client:c6406>
	Is Read Only = False
	SessionIdX = None
	SessionIdY = None
	defReadAttrX = ['position']
	defReadAttrY = ['id']
	mightReadAttrX = ['history']
	mightReadAttrY = []
	mightWriteAttrX = ['history']
	mightWriteAttrY = []
	cachedUpdatesX = {}
	cachedUpdatesY = {}
	readAttrX = ['history', 'type', 'position']
	readAttrY = ['id', 'type']
	objectSwap = True
	ts = 1480927680.704547
	Decision = True
	Updated Obj = 11
	Read only Obj = 12
	Map with updates = {'history': 'bank A'}
2016-12-05 03:48:05.714 - Log.coordinator - INFO - Result received from worker for request:

	Request ID = 24bb17d2-7c9d-4343-845c-7b9b76159251
	ObjectX = 11
	ObjectY = 12
	Action = write
	Is Client = True
	From client = <Client:c6406>
	Is Read Only = False
	SessionIdX = None
	SessionIdY = None
	defReadAttrX = ['position']
	defReadAttrY = ['id']
	mightReadAttrX = ['history']
	mightReadAttrY = []
	mightWriteAttrX = ['history']
	mightWriteAttrY = []
	cachedUpdatesX = {}
	cachedUpdatesY = {}
	readAttrX = ['history', 'type', 'position']
	readAttrY = ['id', 'type']
	objectSwap = True
	ts = 1480927680.704547
2016-12-05 03:48:05.714 - Log.coordinator - INFO - Restart due to outer conflict for request:

	Request ID = 24bb17d2-7c9d-4343-845c-7b9b76159251
	ObjectX = 11
	ObjectY = 12
	Action = write
	Is Client = True
	From client = <Client:c6406>
	Is Read Only = False
	SessionIdX = None
	SessionIdY = None
	defReadAttrX = ['position']
	defReadAttrY = ['id']
	mightReadAttrX = ['history']
	mightReadAttrY = []
	mightWriteAttrX = ['history']
	mightWriteAttrY = []
	cachedUpdatesX = {}
	cachedUpdatesY = {}
	readAttrX = ['history', 'type', 'position']
	readAttrY = ['id', 'type']
	objectSwap = True
	ts = 1480927680.704547
2016-12-05 03:48:05.716 - Log.coordinator - INFO - Request received from client:

	Request ID = 24bb17d2-7c9d-4343-845c-7b9b76159251
	ObjectX = 11
	ObjectY = 12
	Action = write
	Is Client = True
	From client = <Client:c6406>
	Is Read Only = False
	SessionIdX = None
	SessionIdY = None
	defReadAttrX = ['position']
	defReadAttrY = ['id']
	mightReadAttrX = ['history']
	mightReadAttrY = []
	mightWriteAttrX = ['history']
	mightWriteAttrY = []
	cachedUpdatesX = {}
	cachedUpdatesY = {}
	readAttrX = ['history', 'type', 'position']
	readAttrY = ['id', 'type']
	objectSwap = True
	ts = 1480927680.704547
2016-12-05 03:48:05.717 - Log.coordinator - INFO - Request received from coord:

	Request ID = 24bb17d2-7c9d-4343-845c-7b9b76159251
	ObjectX = 11
	ObjectY = 12
	Action = write
	Is Client = True
	From client = <Client:c6406>
	Is Read Only = False
	SessionIdX = None
	SessionIdY = None
	defReadAttrX = ['position']
	defReadAttrY = ['id']
	mightReadAttrX = ['history']
	mightReadAttrY = []
	mightWriteAttrX = ['history']
	mightWriteAttrY = []
	cachedUpdatesX = {}
	cachedUpdatesY = {}
	readAttrX = ['history', 'type', 'position']
	readAttrY = ['id', 'type']
	objectSwap = True
	ts = 1480927685.716415
2016-12-05 03:48:05.718 - Log.worker - INFO - Sending message to initiate database read for attributes not in cache for Request:
	Request ID = 24bb17d2-7c9d-4343-845c-7b9b76159251
	ObjectX = 11
	ObjectY = 12
	Action = write
	Is Client = True
	From client = <Client:c6406>
	Is Read Only = False
	SessionIdX = None
	SessionIdY = None
	defReadAttrX = ['position']
	defReadAttrY = ['id']
	mightReadAttrX = ['history']
	mightReadAttrY = []
	mightWriteAttrX = ['history']
	mightWriteAttrY = []
	cachedUpdatesX = {}
	cachedUpdatesY = {}
	readAttrX = ['history', 'type', 'position']
	readAttrY = ['id', 'type']
	objectSwap = True
	ts = 1480927685.716415
2016-12-05 03:48:05.719 - Log.database - INFO - Received request from Worker to get attributes for following request: 
	Request ID = 24bb17d2-7c9d-4343-845c-7b9b76159251
	ObjectX = 11
	ObjectY = 12
	Action = write
	Is Client = True
	From client = <Client:c6406>
	Is Read Only = False
	SessionIdX = None
	SessionIdY = None
	defReadAttrX = ['position']
	defReadAttrY = ['id']
	mightReadAttrX = ['history']
	mightReadAttrY = []
	mightWriteAttrX = ['history']
	mightWriteAttrY = []
	cachedUpdatesX = {}
	cachedUpdatesY = {}
	readAttrX = ['history', 'type', 'position']
	readAttrY = ['id', 'type']
	objectSwap = True
	ts = 1480927685.716415
2016-12-05 03:48:05.719 - Log.database - INFO - Sending following response to Worker with updated attributes from database:
	Request ID = 24bb17d2-7c9d-4343-845c-7b9b76159251
	ObjectX = 11
	ObjectY = 12
	Action = write
	Is Client = True
	From client = <Client:c6406>
	Is Read Only = False
	SessionIdX = None
	SessionIdY = None
	defReadAttrX = ['position']
	defReadAttrY = ['id']
	mightReadAttrX = ['history']
	mightReadAttrY = []
	mightWriteAttrX = ['history']
	mightWriteAttrY = []
	cachedUpdatesX = {}
	cachedUpdatesY = {}
	readAttrX = ['history', 'type', 'position']
	readAttrY = ['id', 'type']
	objectSwap = True
	ts = 1480927685.716415
	Evaluation Result = True
\Object X Map read from DB = {'history': '', 'type': 'person', 'position': 'employee'}
\Object Y Map read from DB = {'id': 'bank A', 'type': 'bank'}
2016-12-05 03:48:10.722 - Log.worker - INFO - Received following DB response:
	Request ID = 24bb17d2-7c9d-4343-845c-7b9b76159251
	ObjectX = 11
	ObjectY = 12
	Action = write
	Is Client = True
	From client = <Client:c6406>
	Is Read Only = False
	SessionIdX = None
	SessionIdY = None
	defReadAttrX = ['position']
	defReadAttrY = ['id']
	mightReadAttrX = ['history']
	mightReadAttrY = []
	mightWriteAttrX = ['history']
	mightWriteAttrY = []
	cachedUpdatesX = {}
	cachedUpdatesY = {}
	readAttrX = ['history', 'type', 'position']
	readAttrY = ['id', 'type']
	objectSwap = True
	ts = 1480927685.716415
	Evaluation Result = True
\Object X Map read from DB = {'history': '', 'type': 'person', 'position': 'employee'}
\Object Y Map read from DB = {'id': 'bank A', 'type': 'bank'}
2016-12-05 03:48:10.723 - Log.worker - INFO - Sending following Worker Response to Coordinator:
	Request ID = 24bb17d2-7c9d-4343-845c-7b9b76159251
	ObjectX = 11
	ObjectY = 12
	Action = write
	Is Client = True
	From client = <Client:c6406>
	Is Read Only = False
	SessionIdX = None
	SessionIdY = None
	defReadAttrX = ['position']
	defReadAttrY = ['id']
	mightReadAttrX = ['history']
	mightReadAttrY = []
	mightWriteAttrX = ['history']
	mightWriteAttrY = []
	cachedUpdatesX = {}
	cachedUpdatesY = {}
	readAttrX = ['history', 'type', 'position']
	readAttrY = ['id', 'type']
	objectSwap = True
	ts = 1480927685.716415
	Decision = True
	Updated Obj = 11
	Read only Obj = 12
	Map with updates = {'history': 'bank A'}
2016-12-05 03:48:10.724 - Log.coordinator - INFO - Result received from worker for request:

	Request ID = 24bb17d2-7c9d-4343-845c-7b9b76159251
	ObjectX = 11
	ObjectY = 12
	Action = write
	Is Client = True
	From client = <Client:c6406>
	Is Read Only = False
	SessionIdX = None
	SessionIdY = None
	defReadAttrX = ['position']
	defReadAttrY = ['id']
	mightReadAttrX = ['history']
	mightReadAttrY = []
	mightWriteAttrX = ['history']
	mightWriteAttrY = []
	cachedUpdatesX = {}
	cachedUpdatesY = {}
	readAttrX = ['history', 'type', 'position']
	readAttrY = ['id', 'type']
	objectSwap = True
	ts = 1480927685.716415
2016-12-05 03:48:10.727 - Log.client - INFO - Allow access to client 1 for Request{RequestID: 24bb17d2-7c9d-4343-845c-7b9b76159251, Object X: 11, Object Y: 12, action: write}
