2016-12-01 21:40:11.040 - Log.master - INFO - Starting the DistAlgo Project with config file: ../config/config.ini
2016-12-01 21:40:11.137 - Log.master - INFO - Number of coordinators = 2
2016-12-01 21:40:11.138 - Log.master - INFO - Number of clients = 1
2016-12-01 21:40:11.138 - Log.master - INFO - Number of workers per coordinator = 1
2016-12-01 21:40:11.175 - Log.worker - INFO - Started worker to evaluate policy in file: ../config/policy-example.xml
2016-12-01 21:40:11.175 - Log.worker - DEBUG - Content of Policy File: {}
2016-12-01 21:40:11.197 - Log.worker - INFO - Started worker to evaluate policy in file: ../config/policy-example.xml
2016-12-01 21:40:11.198 - Log.worker - DEBUG - Content of Policy File: {}
2016-12-01 21:40:11.206 - Log.database - INFO - Started Database Instance with dbInitFile = ../config/dbPolicy.xml, Min DB Latency = 1 and Max DB Latency = 5
2016-12-01 21:40:11.207 - Log.database - INFO - Initialized DB with:
\Object Attributes = {'4444': {'viewCount': '0', 'name': 'Tom'}, '777': {'type': 'song', 'viewCount': '0'}, '666': {'movie': 'StarWars'}, '3333': {'position': 'listener'}, '888': {'type': 'movie', 'viewCount': '0'}, '1111': {'position': 'employee', 'history': ''}, '999': {'id': 'bank A'}, '2222': {'position': 'viewer'}}
2016-12-01 21:40:11.208 - Log.coordinator - INFO - Starting Coordinator with 1 workers
2016-12-01 21:40:11.208 - Log.coordinator - INFO - Starting Coordinator with 1 workers
2016-12-01 21:40:11.209 - Log.client - INFO - Started Client 1
2016-12-01 21:40:11.214 - Log.worker - INFO - Sending message to initiate database read for attributes not in cache for Request:
	Request ID = c37ec625-f6e8-4381-8eeb-fe9eef08c0dd
	Subject ID = 1111
	Resource ID = 999
	Action = read
	From Client = False
2016-12-01 21:40:54.101 - Log.master - INFO - Starting the DistAlgo Project with config file: ../config/config.ini
2016-12-01 21:40:54.192 - Log.master - INFO - Number of coordinators = 2
2016-12-01 21:40:54.192 - Log.master - INFO - Number of clients = 1
2016-12-01 21:40:54.192 - Log.master - INFO - Number of workers per coordinator = 1
2016-12-01 21:40:54.247 - Log.worker - INFO - Started worker to evaluate policy in file: ../config/policy-example.xml
2016-12-01 21:40:54.248 - Log.worker - DEBUG - Content of Policy File: {}
2016-12-01 21:40:54.268 - Log.worker - INFO - Started worker to evaluate policy in file: ../config/policy-example.xml
2016-12-01 21:40:54.269 - Log.worker - DEBUG - Content of Policy File: {}
2016-12-01 21:40:54.275 - Log.database - INFO - Started Database Instance with dbInitFile = ../config/dbPolicy.xml, Min DB Latency = 1 and Max DB Latency = 5
2016-12-01 21:40:54.276 - Log.database - INFO - Initialized DB with:
\Object Attributes = {'1111': {'position': 'employee', 'history': ''}, '888': {'type': 'movie', 'viewCount': '0'}, '777': {'type': 'song', 'viewCount': '0'}, '3333': {'position': 'listener'}, '4444': {'viewCount': '0', 'name': 'Tom'}, '666': {'movie': 'StarWars'}, '999': {'id': 'bank A'}, '2222': {'position': 'viewer'}}
2016-12-01 21:40:54.277 - Log.coordinator - INFO - Starting Coordinator with 1 workers
2016-12-01 21:40:54.278 - Log.coordinator - INFO - Starting Coordinator with 1 workers
2016-12-01 21:40:54.280 - Log.client - INFO - Started Client 1
2016-12-01 21:40:54.285 - Log.worker - INFO - Sending message to initiate database read for attributes not in cache for Request:
	Request ID = d9d1a90a-fd12-4c4f-93f3-3be580dffb99
	Subject ID = 1111
	Resource ID = 999
	Action = read
	From Client = False
2016-12-02 16:34:33.809 - Log.master - INFO - Starting the DistAlgo Project with config file: ../config/config.ini
2016-12-02 16:34:33.893 - Log.master - INFO - Number of coordinators = 2
2016-12-02 16:34:33.893 - Log.master - INFO - Number of clients = 1
2016-12-02 16:34:33.893 - Log.master - INFO - Number of workers per coordinator = 1
2016-12-02 16:34:33.932 - Log.worker - INFO - Started worker to evaluate policy in file: ../config/policy-example.xml
2016-12-02 16:34:33.932 - Log.worker - DEBUG - Content of Policy File: {}
2016-12-02 16:34:33.952 - Log.worker - INFO - Started worker to evaluate policy in file: ../config/policy-example.xml
2016-12-02 16:34:33.952 - Log.worker - DEBUG - Content of Policy File: {}
2016-12-02 16:34:33.958 - Log.database - INFO - Started Database Instance with dbInitFile = ../config/dbPolicy.xml, Min DB Latency = 1 and Max DB Latency = 5
2016-12-02 16:34:33.959 - Log.database - INFO - Initialized DB with:
\Object Attributes = {'999': {'id': 'bank A'}, '2222': {'position': 'viewer'}, '888': {'type': 'movie', 'viewCount': '0'}, '1111': {'history': '', 'position': 'employee'}, '4444': {'viewCount': '0', 'name': 'Tom'}, '777': {'type': 'song', 'viewCount': '0'}, '666': {'movie': 'StarWars'}, '3333': {'position': 'listener'}}
2016-12-02 16:34:33.959 - Log.coordinator - INFO - Starting Coordinator with 1 workers
2016-12-02 16:34:33.959 - Log.coordinator - INFO - Starting Coordinator with 1 workers
2016-12-02 16:34:33.961 - Log.client - INFO - Started Client 1
2016-12-02 16:34:33.965 - Log.worker - INFO - Sending message to initiate database read for attributes not in cache for Request:
	Request ID = 89bbcedd-b0e4-4639-b786-0678217d81b0
	Subject ID = 999
	Resource ID = 1111
	Action = read
	From Client = False
2016-12-02 17:24:22.667 - Log.master - INFO - Starting the DistAlgo Project with config file: ../config/config.ini
2016-12-02 17:24:22.751 - Log.master - INFO - Number of coordinators = 2
2016-12-02 17:24:22.751 - Log.master - INFO - Number of clients = 1
2016-12-02 17:24:22.751 - Log.master - INFO - Number of workers per coordinator = 1
2016-12-02 17:24:22.784 - Log.worker - INFO - Started worker to evaluate policy in file: ../config/policy-example.xml
2016-12-02 17:24:22.785 - Log.worker - DEBUG - Content of Policy File: {}
2016-12-02 17:24:22.805 - Log.worker - INFO - Started worker to evaluate policy in file: ../config/policy-example.xml
2016-12-02 17:24:22.805 - Log.worker - DEBUG - Content of Policy File: {}
2016-12-02 17:24:22.811 - Log.database - INFO - Started Database Instance with dbInitFile = ../config/dbPolicy.xml, Min DB Latency = 1 and Max DB Latency = 5
2016-12-02 17:24:22.811 - Log.database - INFO - Initialized DB with:
\Object Attributes = {'3333': {'position': 'listener'}, '999': {'id': 'bank A'}, '666': {'movie': 'StarWars'}, '4444': {'viewCount': '0', 'name': 'Tom'}, '777': {'type': 'song', 'viewCount': '0'}, '888': {'type': 'movie', 'viewCount': '0'}, '1111': {'position': 'employee', 'history': ''}, '2222': {'position': 'viewer'}}
2016-12-02 17:24:22.812 - Log.coordinator - INFO - Starting Coordinator with 1 workers
2016-12-02 17:24:22.812 - Log.coordinator - INFO - Starting Coordinator with 1 workers
2016-12-02 17:24:22.813 - Log.client - INFO - Started Client 1
2016-12-02 17:24:22.818 - Log.worker - INFO - Sending message to initiate database read for attributes not in cache for Request:
	Request ID = 147e3840-138f-468f-9afb-beea318f1c1d
	Subject ID = 999
	Resource ID = 1111
	Action = read
	From Client = False
2016-12-02 17:24:41.733 - Log.master - INFO - Starting the DistAlgo Project with config file: ../config/config.ini
2016-12-02 17:24:41.818 - Log.master - INFO - Number of coordinators = 2
2016-12-02 17:24:41.819 - Log.master - INFO - Number of clients = 1
2016-12-02 17:24:41.819 - Log.master - INFO - Number of workers per coordinator = 1
2016-12-02 17:24:41.854 - Log.worker - INFO - Started worker to evaluate policy in file: ../config/policy-example.xml
2016-12-02 17:24:41.855 - Log.worker - DEBUG - Content of Policy File: {}
2016-12-02 17:24:41.879 - Log.worker - INFO - Started worker to evaluate policy in file: ../config/policy-example.xml
2016-12-02 17:24:41.879 - Log.worker - DEBUG - Content of Policy File: {}
2016-12-02 17:24:41.885 - Log.database - INFO - Started Database Instance with dbInitFile = ../config/dbPolicy.xml, Min DB Latency = 1 and Max DB Latency = 5
2016-12-02 17:24:41.885 - Log.database - INFO - Initialized DB with:
\Object Attributes = {'1111': {'position': 'employee', 'history': ''}, '2222': {'position': 'viewer'}, '888': {'type': 'movie', 'viewCount': '0'}, '4444': {'name': 'Tom', 'viewCount': '0'}, '3333': {'position': 'listener'}, '777': {'type': 'song', 'viewCount': '0'}, '666': {'movie': 'StarWars'}, '999': {'id': 'bank A'}}
2016-12-02 17:24:41.886 - Log.coordinator - INFO - Starting Coordinator with 1 workers
2016-12-02 17:24:41.886 - Log.coordinator - INFO - Starting Coordinator with 1 workers
2016-12-02 17:24:41.887 - Log.client - INFO - Started Client 1
2016-12-02 17:24:41.892 - Log.worker - INFO - Sending message to initiate database read for attributes not in cache for Request:
	Request ID = a9920b9d-5db3-45a7-8fbb-0a9a0ee73138
	Subject ID = 999
	Resource ID = 1111
	Action = read
	From Client = False
2016-12-02 17:27:16.518 - Log.master - INFO - Starting the DistAlgo Project with config file: ../config/config.ini
2016-12-02 17:27:16.602 - Log.master - INFO - Number of coordinators = 2
2016-12-02 17:27:16.602 - Log.master - INFO - Number of clients = 1
2016-12-02 17:27:16.602 - Log.master - INFO - Number of workers per coordinator = 1
2016-12-02 17:27:16.637 - Log.worker - INFO - Started worker to evaluate policy in file: ../config/policy-example.xml
2016-12-02 17:27:16.637 - Log.worker - DEBUG - Content of Policy File: {}
2016-12-02 17:27:16.658 - Log.worker - INFO - Started worker to evaluate policy in file: ../config/policy-example.xml
2016-12-02 17:27:16.659 - Log.worker - DEBUG - Content of Policy File: {}
2016-12-02 17:27:16.665 - Log.database - INFO - Started Database Instance with dbInitFile = ../config/dbPolicy.xml, Min DB Latency = 1 and Max DB Latency = 5
2016-12-02 17:27:16.665 - Log.database - INFO - Initialized DB with:
\Object Attributes = {'2222': {'position': 'viewer'}, '3333': {'position': 'listener'}, '777': {'viewCount': '0', 'type': 'song'}, '888': {'viewCount': '0', 'type': 'movie'}, '4444': {'name': 'Tom', 'viewCount': '0'}, '999': {'id': 'bank A'}, '1111': {'history': '', 'position': 'employee'}, '666': {'movie': 'StarWars'}}
2016-12-02 17:27:16.666 - Log.coordinator - INFO - Starting Coordinator with 1 workers
2016-12-02 17:27:16.666 - Log.coordinator - INFO - Starting Coordinator with 1 workers
2016-12-02 17:27:16.667 - Log.client - INFO - Started Client 1
2016-12-02 17:27:16.671 - Log.worker - INFO - Sending message to initiate database read for attributes not in cache for Request:
	Request ID = 14bf0afe-f5b8-4fbe-a613-ba187deaf020
	Subject ID = 999
	Resource ID = 1111
	Action = read
	From Client = False
2016-12-02 21:44:04.602 - Log.master - INFO - Starting the DistAlgo Project with config file: ../config/config.ini
2016-12-02 21:44:04.692 - Log.master - INFO - Number of coordinators = 2
2016-12-02 21:44:04.693 - Log.master - INFO - Number of clients = 1
2016-12-02 21:44:04.693 - Log.master - INFO - Number of workers per coordinator = 1
2016-12-02 21:44:04.726 - Log.worker - INFO - Started worker to evaluate policy in file: ../config/policy-example.xml
2016-12-02 21:44:04.727 - Log.worker - DEBUG - Content of Policy File: {}
2016-12-02 21:44:04.750 - Log.worker - INFO - Started worker to evaluate policy in file: ../config/policy-example.xml
2016-12-02 21:44:04.750 - Log.worker - DEBUG - Content of Policy File: {}
2016-12-02 21:44:04.755 - Log.database - INFO - Started Database Instance with dbInitFile = ../config/dbPolicy.xml, Min DB Latency = 1 and Max DB Latency = 5
2016-12-02 21:44:04.755 - Log.database - INFO - Initialized DB with:
\Object Attributes = {'1111': {'position': 'employee', 'history': ''}, '888': {'type': 'movie', 'viewCount': '0'}, '3333': {'position': 'listener'}, '4444': {'name': 'Tom', 'viewCount': '0'}, '666': {'movie': 'StarWars'}, '777': {'type': 'song', 'viewCount': '0'}, '999': {'id': 'bank A'}, '2222': {'position': 'viewer'}}
2016-12-02 21:44:04.756 - Log.coordinator - INFO - Starting Coordinator with 1 workers
2016-12-02 21:44:04.756 - Log.coordinator - INFO - Starting Coordinator with 1 workers
2016-12-02 21:44:04.758 - Log.client - INFO - Started Client 1
2016-12-02 21:44:04.763 - Log.worker - INFO - Sending message to initiate database read for attributes not in cache for Request:
	Request ID = 4aaf1454-2b22-4049-9864-ed61d363e937
	Subject ID = 999
	Resource ID = 1111
	Action = read
	From Client = False
2016-12-02 22:00:30.224 - Log.master - INFO - Starting the DistAlgo Project with config file: ../config/config.ini
2016-12-02 22:00:30.317 - Log.master - INFO - Number of coordinators = 2
2016-12-02 22:00:30.318 - Log.master - INFO - Number of clients = 1
2016-12-02 22:00:30.318 - Log.master - INFO - Number of workers per coordinator = 1
2016-12-02 22:00:30.356 - Log.worker - INFO - Started worker to evaluate policy in file: ../config/policy-example.xml
2016-12-02 22:00:30.357 - Log.worker - DEBUG - Content of Policy File: {}
2016-12-02 22:00:30.376 - Log.worker - INFO - Started worker to evaluate policy in file: ../config/policy-example.xml
2016-12-02 22:00:30.376 - Log.worker - DEBUG - Content of Policy File: {}
2016-12-02 22:00:30.383 - Log.database - INFO - Started Database Instance with dbInitFile = ../config/dbPolicy.xml, Min DB Latency = 1 and Max DB Latency = 5
2016-12-02 22:00:30.383 - Log.database - INFO - Initialized DB with:
\Object Attributes = {'666': {'movie': 'StarWars'}, '3333': {'position': 'listener'}, '999': {'id': 'bank A'}, '4444': {'name': 'Tom', 'viewCount': '0'}, '2222': {'position': 'viewer'}, '888': {'type': 'movie', 'viewCount': '0'}, '1111': {'history': '', 'position': 'employee'}, '777': {'type': 'song', 'viewCount': '0'}}
2016-12-02 22:00:30.384 - Log.coordinator - INFO - Starting Coordinator with 1 workers
2016-12-02 22:00:30.384 - Log.coordinator - INFO - Starting Coordinator with 1 workers
2016-12-02 22:00:30.385 - Log.client - INFO - Started Client 1
2016-12-02 22:00:30.389 - Log.worker - INFO - Sending message to initiate database read for attributes not in cache for Request:
	Request ID = d5520d0c-10a1-4403-8e7f-49058d4f1e1f
	Subject ID = 999
	Resource ID = 1111
	Action = read
	From Client = False
2016-12-03 15:50:02.424 - Log.master - INFO - Starting the DistAlgo Project with config file: ../config/config.ini
2016-12-03 15:50:02.516 - Log.master - INFO - Number of coordinators = 2
2016-12-03 15:50:02.516 - Log.master - INFO - Number of clients = 1
2016-12-03 15:50:02.516 - Log.master - INFO - Number of workers per coordinator = 1
2016-12-03 15:50:02.553 - Log.worker - INFO - Started worker to evaluate policy in file: ../config/policy-example.xml
2016-12-03 15:50:02.553 - Log.worker - DEBUG - Content of Policy File: {}
2016-12-03 15:50:02.572 - Log.worker - INFO - Started worker to evaluate policy in file: ../config/policy-example.xml
2016-12-03 15:50:02.572 - Log.worker - DEBUG - Content of Policy File: {}
2016-12-03 15:50:02.578 - Log.database - INFO - Started Database Instance with dbInitFile = ../config/dbPolicy.xml, Min DB Latency = 1 and Max DB Latency = 5
2016-12-03 15:50:02.578 - Log.database - INFO - Initialized DB with:
\Object Attributes = {'1111': {'position': 'employee', 'history': ''}, '666': {'movie': 'StarWars'}, '999': {'id': 'bank A'}, '888': {'type': 'movie', 'viewCount': '0'}, '4444': {'name': 'Tom', 'viewCount': '0'}, '3333': {'position': 'listener'}, '777': {'type': 'song', 'viewCount': '0'}, '2222': {'position': 'viewer'}}
2016-12-03 15:50:02.579 - Log.coordinator - INFO - Starting Coordinator with 1 workers
2016-12-03 15:50:02.579 - Log.coordinator - INFO - Starting Coordinator with 1 workers
2016-12-03 15:50:02.580 - Log.client - INFO - Started Client 1
2016-12-03 15:50:02.584 - Log.worker - INFO - Sending message to initiate database read for attributes not in cache for Request:
	Request ID = f44bd1bc-8be0-4dc4-a539-ddb4aa81265e
	Subject ID = 999
	Resource ID = 1111
	Action = read
	From Client = False
2016-12-03 15:59:56.101 - Log.master - INFO - Starting the DistAlgo Project with config file: ../config/config.ini
2016-12-03 15:59:56.196 - Log.master - INFO - Number of coordinators = 2
2016-12-03 15:59:56.197 - Log.master - INFO - Number of clients = 1
2016-12-03 15:59:56.197 - Log.master - INFO - Number of workers per coordinator = 1
2016-12-03 15:59:56.258 - Log.worker - INFO - Started worker to evaluate policy in file: ../config/policy-example.xml
2016-12-03 15:59:56.259 - Log.worker - DEBUG - Content of Policy File: {}
2016-12-03 15:59:56.276 - Log.worker - INFO - Started worker to evaluate policy in file: ../config/policy-example.xml
2016-12-03 15:59:56.276 - Log.worker - DEBUG - Content of Policy File: {}
2016-12-03 15:59:56.282 - Log.database - INFO - Started Database Instance with dbInitFile = ../config/dbPolicy.xml, Min DB Latency = 1 and Max DB Latency = 5
2016-12-03 15:59:56.282 - Log.database - INFO - Initialized DB with:
\Object Attributes = {'777': {'viewCount': '0', 'type': 'song'}, '2222': {'position': 'viewer'}, '4444': {'viewCount': '0', 'name': 'Tom'}, '666': {'movie': 'StarWars'}, '1111': {'history': '', 'position': 'employee'}, '3333': {'position': 'listener'}, '999': {'id': 'bank A'}, '888': {'viewCount': '0', 'type': 'movie'}}
2016-12-03 15:59:56.283 - Log.coordinator - INFO - Starting Coordinator with 1 workers
2016-12-03 15:59:56.283 - Log.coordinator - INFO - Starting Coordinator with 1 workers
2016-12-03 15:59:56.284 - Log.client - INFO - Started Client 1
2016-12-03 15:59:56.289 - Log.worker - INFO - Sending message to initiate database read for attributes not in cache for Request:
	Request ID = 5ba76d34-382c-4fdf-b09e-9f4ec701c254
	Subject ID = 999
	Resource ID = 1111
	Action = read
	From Client = False
2016-12-03 16:00:22.619 - Log.master - INFO - Starting the DistAlgo Project with config file: ../config/config.ini
2016-12-03 16:00:22.703 - Log.master - INFO - Number of coordinators = 2
2016-12-03 16:00:22.704 - Log.master - INFO - Number of clients = 1
2016-12-03 16:00:22.704 - Log.master - INFO - Number of workers per coordinator = 1
2016-12-03 16:00:22.736 - Log.worker - INFO - Started worker to evaluate policy in file: ../config/policy-example.xml
2016-12-03 16:00:22.736 - Log.worker - DEBUG - Content of Policy File: {}
2016-12-03 16:00:22.758 - Log.worker - INFO - Started worker to evaluate policy in file: ../config/policy-example.xml
2016-12-03 16:00:22.759 - Log.worker - DEBUG - Content of Policy File: {}
2016-12-03 16:00:22.764 - Log.database - INFO - Started Database Instance with dbInitFile = ../config/dbPolicy.xml, Min DB Latency = 1 and Max DB Latency = 5
2016-12-03 16:00:22.765 - Log.database - INFO - Initialized DB with:
\Object Attributes = {'1111': {'history': '', 'position': 'employee'}, '888': {'viewCount': '0', 'type': 'movie'}, '4444': {'viewCount': '0', 'name': 'Tom'}, '3333': {'position': 'listener'}, '666': {'movie': 'StarWars'}, '999': {'id': 'bank A'}, '2222': {'position': 'viewer'}, '777': {'viewCount': '0', 'type': 'song'}}
2016-12-03 16:00:22.766 - Log.coordinator - INFO - Starting Coordinator with 1 workers
2016-12-03 16:00:22.765 - Log.coordinator - INFO - Starting Coordinator with 1 workers
2016-12-03 16:00:22.767 - Log.client - INFO - Started Client 1
2016-12-03 16:00:22.770 - Log.worker - INFO - Sending message to initiate database read for attributes not in cache for Request:
	Request ID = 4f01eedf-e089-4ac2-99bf-3b28e7f3a71b
	Subject ID = 999
	Resource ID = 1111
	Action = read
	From Client = False
2016-12-03 16:00:58.844 - Log.master - INFO - Starting the DistAlgo Project with config file: ../config/config.ini
2016-12-03 16:00:58.923 - Log.master - INFO - Number of coordinators = 2
2016-12-03 16:00:58.923 - Log.master - INFO - Number of clients = 1
2016-12-03 16:00:58.924 - Log.master - INFO - Number of workers per coordinator = 1
2016-12-03 16:00:58.955 - Log.worker - INFO - Started worker to evaluate policy in file: ../config/policy-example.xml
2016-12-03 16:00:58.956 - Log.worker - DEBUG - Content of Policy File: {}
2016-12-03 16:00:58.974 - Log.worker - INFO - Started worker to evaluate policy in file: ../config/policy-example.xml
2016-12-03 16:00:58.974 - Log.worker - DEBUG - Content of Policy File: {}
2016-12-03 16:00:58.984 - Log.database - INFO - Started Database Instance with dbInitFile = ../config/dbPolicy.xml, Min DB Latency = 1 and Max DB Latency = 5
2016-12-03 16:00:58.984 - Log.database - INFO - Initialized DB with:
\Object Attributes = {'1111': {'position': 'employee', 'history': ''}, '888': {'viewCount': '0', 'type': 'movie'}, '3333': {'position': 'listener'}, '4444': {'viewCount': '0', 'name': 'Tom'}, '2222': {'position': 'viewer'}, '666': {'movie': 'StarWars'}, '999': {'id': 'bank A'}, '777': {'viewCount': '0', 'type': 'song'}}
2016-12-03 16:00:58.985 - Log.coordinator - INFO - Starting Coordinator with 1 workers
2016-12-03 16:00:58.985 - Log.coordinator - INFO - Starting Coordinator with 1 workers
2016-12-03 16:00:58.986 - Log.client - INFO - Started Client 1
2016-12-03 16:00:58.990 - Log.worker - INFO - Sending message to initiate database read for attributes not in cache for Request:
	Request ID = 9ed64495-6054-48d1-880d-204b97fe6e47
	Subject ID = 999
	Resource ID = 1111
	Action = read
	From Client = False
2016-12-03 16:01:10.130 - Log.master - INFO - Starting the DistAlgo Project with config file: ../config/config.ini
2016-12-03 16:01:10.220 - Log.master - INFO - Number of coordinators = 2
2016-12-03 16:01:10.220 - Log.master - INFO - Number of clients = 1
2016-12-03 16:01:10.220 - Log.master - INFO - Number of workers per coordinator = 1
2016-12-03 16:01:10.248 - Log.worker - INFO - Started worker to evaluate policy in file: ../config/policy-example.xml
2016-12-03 16:01:10.248 - Log.worker - DEBUG - Content of Policy File: {}
2016-12-03 16:01:10.270 - Log.worker - INFO - Started worker to evaluate policy in file: ../config/policy-example.xml
2016-12-03 16:01:10.271 - Log.worker - DEBUG - Content of Policy File: {}
2016-12-03 16:01:10.276 - Log.database - INFO - Started Database Instance with dbInitFile = ../config/dbPolicy.xml, Min DB Latency = 1 and Max DB Latency = 5
2016-12-03 16:01:10.277 - Log.database - INFO - Initialized DB with:
\Object Attributes = {'888': {'viewCount': '0', 'type': 'movie'}, '3333': {'position': 'listener'}, '4444': {'viewCount': '0', 'name': 'Tom'}, '1111': {'position': 'employee', 'history': ''}, '2222': {'position': 'viewer'}, '777': {'viewCount': '0', 'type': 'song'}, '999': {'id': 'bank A'}, '666': {'movie': 'StarWars'}}
2016-12-03 16:01:10.278 - Log.coordinator - INFO - Starting Coordinator with 1 workers
2016-12-03 16:01:10.278 - Log.coordinator - INFO - Starting Coordinator with 1 workers
2016-12-03 16:01:10.279 - Log.client - INFO - Started Client 1
2016-12-03 16:01:10.281 - Log.database - INFO - Dumping final contents of DB:
\Object Attributes = {'888': {'viewCount': '0', 'type': 'movie'}, '3333': {'position': 'listener'}, '4444': {'viewCount': '0', 'name': 'Tom'}, '1111': {'position': 'employee', 'history': ''}, '2222': {'position': 'viewer'}, '777': {'viewCount': '0', 'type': 'song'}, '999': {'id': 'bank A'}, '666': {'movie': 'StarWars'}}
2016-12-03 16:01:40.903 - Log.master - INFO - Starting the DistAlgo Project with config file: ../config/config.ini
2016-12-03 16:01:40.985 - Log.master - INFO - Number of coordinators = 2
2016-12-03 16:01:40.986 - Log.master - INFO - Number of clients = 1
2016-12-03 16:01:40.986 - Log.master - INFO - Number of workers per coordinator = 1
2016-12-03 16:01:41.017 - Log.worker - INFO - Started worker to evaluate policy in file: ../config/policy-example.xml
2016-12-03 16:01:41.018 - Log.worker - DEBUG - Content of Policy File: {}
2016-12-03 16:01:41.035 - Log.worker - INFO - Started worker to evaluate policy in file: ../config/policy-example.xml
2016-12-03 16:01:41.036 - Log.worker - DEBUG - Content of Policy File: {}
2016-12-03 16:01:41.042 - Log.database - INFO - Started Database Instance with dbInitFile = ../config/dbPolicy.xml, Min DB Latency = 1 and Max DB Latency = 5
2016-12-03 16:01:41.042 - Log.database - INFO - Initialized DB with:
\Object Attributes = {'4444': {'name': 'Tom', 'viewCount': '0'}, '3333': {'position': 'listener'}, '888': {'type': 'movie', 'viewCount': '0'}, '666': {'movie': 'StarWars'}, '999': {'id': 'bank A'}, '1111': {'position': 'employee', 'history': ''}, '777': {'type': 'song', 'viewCount': '0'}, '2222': {'position': 'viewer'}}
2016-12-03 16:01:41.043 - Log.coordinator - INFO - Starting Coordinator with 1 workers
2016-12-03 16:01:41.043 - Log.coordinator - INFO - Starting Coordinator with 1 workers
2016-12-03 16:01:41.045 - Log.client - INFO - Started Client 1
2016-12-03 16:01:41.046 - Log.database - INFO - Dumping final contents of DB:
\Object Attributes = {'4444': {'name': 'Tom', 'viewCount': '0'}, '3333': {'position': 'listener'}, '888': {'type': 'movie', 'viewCount': '0'}, '666': {'movie': 'StarWars'}, '999': {'id': 'bank A'}, '1111': {'position': 'employee', 'history': ''}, '777': {'type': 'song', 'viewCount': '0'}, '2222': {'position': 'viewer'}}
2016-12-03 16:16:54.276 - Log.master - INFO - Starting the DistAlgo Project with config file: ../config/config.ini
2016-12-03 16:16:54.360 - Log.master - INFO - Number of coordinators = 2
2016-12-03 16:16:54.360 - Log.master - INFO - Number of clients = 1
2016-12-03 16:16:54.360 - Log.master - INFO - Number of workers per coordinator = 1
2016-12-03 16:16:54.398 - Log.worker - INFO - Started worker to evaluate policy in file: ../config/policy-example.xml
2016-12-03 16:16:54.398 - Log.worker - DEBUG - Content of Policy File: {}
2016-12-03 16:16:54.415 - Log.worker - INFO - Started worker to evaluate policy in file: ../config/policy-example.xml
2016-12-03 16:16:54.416 - Log.worker - DEBUG - Content of Policy File: {}
2016-12-03 16:16:54.422 - Log.database - INFO - Started Database Instance with dbInitFile = ../config/dbPolicy.xml, Min DB Latency = 1 and Max DB Latency = 5
2016-12-03 16:16:54.422 - Log.database - INFO - Initialized DB with:
\Object Attributes = {'2222': {'position': 'viewer'}, '777': {'type': 'song', 'viewCount': '0'}, '999': {'id': 'bank A'}, '1111': {'history': '', 'position': 'employee'}, '666': {'movie': 'StarWars'}, '4444': {'name': 'Tom', 'viewCount': '0'}, '888': {'type': 'movie', 'viewCount': '0'}, '3333': {'position': 'listener'}}
2016-12-03 16:16:54.423 - Log.coordinator - INFO - Starting Coordinator with 1 workers
2016-12-03 16:16:54.423 - Log.coordinator - INFO - Starting Coordinator with 1 workers
2016-12-03 16:16:54.424 - Log.client - INFO - Started Client 1
2016-12-03 16:16:54.426 - Log.database - INFO - Dumping final contents of DB:
\Object Attributes = {'2222': {'position': 'viewer'}, '777': {'type': 'song', 'viewCount': '0'}, '999': {'id': 'bank A'}, '1111': {'history': '', 'position': 'employee'}, '666': {'movie': 'StarWars'}, '4444': {'name': 'Tom', 'viewCount': '0'}, '888': {'type': 'movie', 'viewCount': '0'}, '3333': {'position': 'listener'}}
2016-12-03 16:17:54.086 - Log.master - INFO - Starting the DistAlgo Project with config file: ../config/config.ini
2016-12-03 16:17:54.190 - Log.master - INFO - Number of coordinators = 2
2016-12-03 16:17:54.190 - Log.master - INFO - Number of clients = 1
2016-12-03 16:17:54.190 - Log.master - INFO - Number of workers per coordinator = 1
2016-12-03 16:17:54.239 - Log.worker - INFO - Started worker to evaluate policy in file: ../config/policy-example.xml
2016-12-03 16:17:54.239 - Log.worker - DEBUG - Content of Policy File: {}
2016-12-03 16:17:54.261 - Log.worker - INFO - Started worker to evaluate policy in file: ../config/policy-example.xml
2016-12-03 16:17:54.262 - Log.worker - DEBUG - Content of Policy File: {}
2016-12-03 16:17:54.268 - Log.database - INFO - Started Database Instance with dbInitFile = ../config/dbPolicy.xml, Min DB Latency = 1 and Max DB Latency = 5
2016-12-03 16:17:54.268 - Log.database - INFO - Initialized DB with:
\Object Attributes = {'4444': {'name': 'Tom', 'viewCount': '0'}, '2222': {'position': 'viewer'}, '777': {'viewCount': '0', 'type': 'song'}, '3333': {'position': 'listener'}, '999': {'id': 'bank A'}, '1111': {'position': 'employee', 'history': ''}, '888': {'viewCount': '0', 'type': 'movie'}, '666': {'movie': 'StarWars'}}
2016-12-03 16:17:54.269 - Log.coordinator - INFO - Starting Coordinator with 1 workers
2016-12-03 16:17:54.270 - Log.coordinator - INFO - Starting Coordinator with 1 workers
2016-12-03 16:17:54.271 - Log.client - INFO - Started Client 1
2016-12-03 16:17:54.271 - Log.master - INFO - All processes completed. Terminating...
2016-12-03 16:17:54.275 - Log.worker - INFO - Sending message to initiate database read for attributes not in cache for Request:
	Request ID = 4cc2b3ad-c293-4403-ac8d-67b9eab4ec6a
	Subject ID = 999
	Resource ID = 1111
	Action = read
	From Client = False
2016-12-03 16:18:01.783 - Log.master - INFO - Starting the DistAlgo Project with config file: ../config/config.ini
2016-12-03 16:18:01.868 - Log.master - INFO - Number of coordinators = 2
2016-12-03 16:18:01.868 - Log.master - INFO - Number of clients = 1
2016-12-03 16:18:01.868 - Log.master - INFO - Number of workers per coordinator = 1
2016-12-03 16:18:01.911 - Log.worker - INFO - Started worker to evaluate policy in file: ../config/policy-example.xml
2016-12-03 16:18:01.912 - Log.worker - DEBUG - Content of Policy File: {}
2016-12-03 16:18:01.932 - Log.worker - INFO - Started worker to evaluate policy in file: ../config/policy-example.xml
2016-12-03 16:18:01.933 - Log.worker - DEBUG - Content of Policy File: {}
2016-12-03 16:18:01.943 - Log.database - INFO - Started Database Instance with dbInitFile = ../config/dbPolicy.xml, Min DB Latency = 1 and Max DB Latency = 5
2016-12-03 16:18:01.944 - Log.database - INFO - Initialized DB with:
\Object Attributes = {'4444': {'name': 'Tom', 'viewCount': '0'}, '2222': {'position': 'viewer'}, '666': {'movie': 'StarWars'}, '999': {'id': 'bank A'}, '777': {'type': 'song', 'viewCount': '0'}, '888': {'type': 'movie', 'viewCount': '0'}, '1111': {'history': '', 'position': 'employee'}, '3333': {'position': 'listener'}}
2016-12-03 16:18:01.944 - Log.coordinator - INFO - Starting Coordinator with 1 workers
2016-12-03 16:18:01.945 - Log.coordinator - INFO - Starting Coordinator with 1 workers
2016-12-03 16:18:01.946 - Log.client - INFO - Started Client 1
2016-12-03 16:18:01.946 - Log.master - INFO - All processes completed. Terminating...
2016-12-03 16:18:01.951 - Log.worker - INFO - Sending message to initiate database read for attributes not in cache for Request:
	Request ID = 870c311c-538f-4674-b315-a1dfa1c2d966
	Subject ID = 999
	Resource ID = 1111
	Action = read
	From Client = False
2016-12-03 16:18:07.951 - Log.database - INFO - Dumping final contents of DB:
\Object Attributes = {'4444': {'name': 'Tom', 'viewCount': '0'}, '2222': {'position': 'viewer'}, '666': {'movie': 'StarWars'}, '999': {'id': 'bank A'}, '777': {'type': 'song', 'viewCount': '0'}, '888': {'type': 'movie', 'viewCount': '0'}, '1111': {'history': '', 'position': 'employee'}, '3333': {'position': 'listener'}}
2016-12-03 16:18:23.001 - Log.master - INFO - Starting the DistAlgo Project with config file: ../config/config.ini
2016-12-03 16:18:23.094 - Log.master - INFO - Number of coordinators = 2
2016-12-03 16:18:23.094 - Log.master - INFO - Number of clients = 1
2016-12-03 16:18:23.094 - Log.master - INFO - Number of workers per coordinator = 1
2016-12-03 16:18:23.149 - Log.worker - INFO - Started worker to evaluate policy in file: ../config/policy-example.xml
2016-12-03 16:18:23.149 - Log.worker - DEBUG - Content of Policy File: {}
2016-12-03 16:18:23.167 - Log.worker - INFO - Started worker to evaluate policy in file: ../config/policy-example.xml
2016-12-03 16:18:23.168 - Log.worker - DEBUG - Content of Policy File: {}
2016-12-03 16:18:23.174 - Log.database - INFO - Started Database Instance with dbInitFile = ../config/dbPolicy.xml, Min DB Latency = 1 and Max DB Latency = 1
2016-12-03 16:18:23.175 - Log.database - INFO - Initialized DB with:
\Object Attributes = {'1111': {'position': 'employee', 'history': ''}, '777': {'type': 'song', 'viewCount': '0'}, '2222': {'position': 'viewer'}, '3333': {'position': 'listener'}, '888': {'type': 'movie', 'viewCount': '0'}, '666': {'movie': 'StarWars'}, '999': {'id': 'bank A'}, '4444': {'viewCount': '0', 'name': 'Tom'}}
2016-12-03 16:18:23.176 - Log.coordinator - INFO - Starting Coordinator with 1 workers
2016-12-03 16:18:23.176 - Log.coordinator - INFO - Starting Coordinator with 1 workers
2016-12-03 16:18:23.177 - Log.master - INFO - All processes completed. Terminating...
2016-12-03 16:18:23.177 - Log.client - INFO - Started Client 1
2016-12-03 16:18:23.181 - Log.worker - INFO - Sending message to initiate database read for attributes not in cache for Request:
	Request ID = a3950002-0049-4831-8aaf-dd6f386ff9c4
	Subject ID = 999
	Resource ID = 1111
	Action = read
	From Client = False
2016-12-03 16:18:29.068 - Log.master - INFO - Starting the DistAlgo Project with config file: ../config/config.ini
2016-12-03 16:18:29.153 - Log.master - INFO - Number of coordinators = 2
2016-12-03 16:18:29.153 - Log.master - INFO - Number of clients = 1
2016-12-03 16:18:29.153 - Log.master - INFO - Number of workers per coordinator = 1
2016-12-03 16:18:29.190 - Log.worker - INFO - Started worker to evaluate policy in file: ../config/policy-example.xml
2016-12-03 16:18:29.190 - Log.worker - DEBUG - Content of Policy File: {}
2016-12-03 16:18:29.212 - Log.worker - INFO - Started worker to evaluate policy in file: ../config/policy-example.xml
2016-12-03 16:18:29.213 - Log.worker - DEBUG - Content of Policy File: {}
2016-12-03 16:18:29.218 - Log.database - INFO - Started Database Instance with dbInitFile = ../config/dbPolicy.xml, Min DB Latency = 1 and Max DB Latency = 1
2016-12-03 16:18:29.219 - Log.database - INFO - Initialized DB with:
\Object Attributes = {'777': {'type': 'song', 'viewCount': '0'}, '999': {'id': 'bank A'}, '4444': {'name': 'Tom', 'viewCount': '0'}, '3333': {'position': 'listener'}, '888': {'type': 'movie', 'viewCount': '0'}, '2222': {'position': 'viewer'}, '666': {'movie': 'StarWars'}, '1111': {'position': 'employee', 'history': ''}}
2016-12-03 16:18:29.220 - Log.coordinator - INFO - Starting Coordinator with 1 workers
2016-12-03 16:18:29.220 - Log.coordinator - INFO - Starting Coordinator with 1 workers
2016-12-03 16:18:29.221 - Log.client - INFO - Started Client 1
2016-12-03 16:18:29.221 - Log.master - INFO - All processes completed. Terminating...
2016-12-03 16:18:29.225 - Log.worker - INFO - Sending message to initiate database read for attributes not in cache for Request:
	Request ID = 2dc68c1b-7344-418a-ad92-1e64bca0601b
	Subject ID = 999
	Resource ID = 1111
	Action = read
	From Client = False
2016-12-03 16:18:31.226 - Log.database - INFO - Dumping final contents of DB:
\Object Attributes = {'777': {'type': 'song', 'viewCount': '0'}, '999': {'id': 'bank A'}, '4444': {'name': 'Tom', 'viewCount': '0'}, '3333': {'position': 'listener'}, '888': {'type': 'movie', 'viewCount': '0'}, '2222': {'position': 'viewer'}, '666': {'movie': 'StarWars'}, '1111': {'position': 'employee', 'history': ''}}
2016-12-03 17:18:28.500 - Log.master - INFO - Starting the DistAlgo Project with config file: ../config/config.ini
2016-12-03 17:18:28.594 - Log.master - INFO - Number of coordinators = 2
2016-12-03 17:18:28.594 - Log.master - INFO - Number of clients = 1
2016-12-03 17:18:28.595 - Log.master - INFO - Number of workers per coordinator = 1
2016-12-03 17:18:28.634 - Log.worker - INFO - Started worker to evaluate policy in file: ../config/policy-example.xml
2016-12-03 17:18:28.635 - Log.worker - DEBUG - Content of Policy File: {}
2016-12-03 17:18:28.658 - Log.worker - INFO - Started worker to evaluate policy in file: ../config/policy-example.xml
2016-12-03 17:18:28.658 - Log.worker - DEBUG - Content of Policy File: {}
2016-12-03 17:18:28.664 - Log.database - INFO - Started Database Instance with dbInitFile = ../config/dbPolicy.xml, Min DB Latency = 1 and Max DB Latency = 1
2016-12-03 17:18:28.665 - Log.database - INFO - Initialized DB with:
\Object Attributes = {'3333': {'position': 'listener'}, '1111': {'history': '', 'position': 'employee'}, '999': {'id': 'bank A'}, '4444': {'name': 'Tom', 'viewCount': '0'}, '888': {'type': 'movie', 'viewCount': '0'}, '2222': {'position': 'viewer'}, '777': {'type': 'song', 'viewCount': '0'}, '666': {'movie': 'StarWars'}}
2016-12-03 17:18:28.666 - Log.coordinator - INFO - Starting Coordinator with 1 workers
2016-12-03 17:18:28.666 - Log.coordinator - INFO - Starting Coordinator with 1 workers
2016-12-03 17:18:28.667 - Log.client - INFO - Started Client 1
2016-12-03 17:18:28.668 - Log.master - INFO - All processes completed. Terminating...
2016-12-03 17:18:28.671 - Log.worker - INFO - Sending message to initiate database read for attributes not in cache for Request:
	Request ID = 5164be5b-20c7-4b4a-858a-3adc21f2e45d
	Subject ID = 999
	Resource ID = 1111
	Action = read
	From Client = False
2016-12-03 17:18:42.935 - Log.master - INFO - Starting the DistAlgo Project with config file: ../config/config.ini
2016-12-03 17:18:43.056 - Log.master - INFO - Number of coordinators = 2
2016-12-03 17:18:43.057 - Log.master - INFO - Number of clients = 1
2016-12-03 17:18:43.057 - Log.master - INFO - Number of workers per coordinator = 1
2016-12-03 17:18:43.101 - Log.worker - INFO - Started worker to evaluate policy in file: ../config/policy-example.xml
2016-12-03 17:18:43.101 - Log.worker - DEBUG - Content of Policy File: {}
2016-12-03 17:18:43.119 - Log.worker - INFO - Started worker to evaluate policy in file: ../config/policy-example.xml
2016-12-03 17:18:43.120 - Log.worker - DEBUG - Content of Policy File: {}
2016-12-03 17:18:43.127 - Log.database - INFO - Started Database Instance with dbInitFile = ../config/dbPolicy.xml, Min DB Latency = 1 and Max DB Latency = 1
2016-12-03 17:18:43.128 - Log.database - INFO - Initialized DB with:
\Object Attributes = {'999': {'id': 'bank A'}, '888': {'viewCount': '0', 'type': 'movie'}, '666': {'movie': 'StarWars'}, '777': {'viewCount': '0', 'type': 'song'}, '1111': {'history': '', 'position': 'employee'}, '3333': {'position': 'listener'}, '2222': {'position': 'viewer'}, '4444': {'name': 'Tom', 'viewCount': '0'}}
2016-12-03 17:18:43.129 - Log.coordinator - INFO - Starting Coordinator with 1 workers
2016-12-03 17:18:43.129 - Log.coordinator - INFO - Starting Coordinator with 1 workers
2016-12-03 17:18:43.130 - Log.client - INFO - Started Client 1
2016-12-03 17:18:43.130 - Log.master - INFO - All processes completed. Terminating...
2016-12-03 17:18:43.133 - Log.worker - INFO - Sending message to initiate database read for attributes not in cache for Request:
	Request ID = f37911bf-0b10-43cc-9e98-60c149cf68bc
	Subject ID = 999
	Resource ID = 1111
	Action = read
	From Client = False
2016-12-03 18:16:15.597 - Log.master - INFO - Starting the DistAlgo Project with config file: ../config/config.ini
2016-12-03 18:16:15.710 - Log.master - INFO - Number of coordinators = 2
2016-12-03 18:16:15.710 - Log.master - INFO - Number of clients = 1
2016-12-03 18:16:15.710 - Log.master - INFO - Number of workers per coordinator = 1
2016-12-03 18:16:15.756 - Log.worker - INFO - Started worker to evaluate policy in file: ../config/policy-example.xml
2016-12-03 18:16:15.757 - Log.worker - DEBUG - Content of Policy File: {}
2016-12-03 18:16:15.786 - Log.worker - INFO - Started worker to evaluate policy in file: ../config/policy-example.xml
2016-12-03 18:16:15.786 - Log.worker - DEBUG - Content of Policy File: {}
2016-12-03 18:16:15.793 - Log.database - INFO - Started Database Instance with dbInitFile = ../config/dbPolicy.xml, Min DB Latency = 1 and Max DB Latency = 1
2016-12-03 18:16:15.793 - Log.database - INFO - Initialized DB with:
\Object Attributes = {'777': {'type': [('song', 0)], 'viewCount': [('0', 0)]}, '666': {'movie': [('StarWars', 0)]}, '888': {'type': [('movie', 0)], 'viewCount': [('0', 0)]}, '2222': {'position': [('viewer', 0)]}, '1111': {'position': [('employee', 0)], 'history': [('', 0)]}, '3333': {'position': [('listener', 0)]}, '4444': {'name': [('Tom', 0)], 'viewCount': [('0', 0)]}, '999': {'id': [('bank A', 0)]}}
2016-12-03 18:16:15.795 - Log.coordinator - INFO - Starting Coordinator with 1 workers
2016-12-03 18:16:15.797 - Log.coordinator - INFO - Starting Coordinator with 1 workers
2016-12-03 18:16:15.801 - Log.master - INFO - All processes completed. Terminating...
2016-12-03 18:16:15.800 - Log.client - INFO - Started Client 1
2016-12-03 18:16:15.806 - Log.worker - INFO - Sending message to initiate database read for attributes not in cache for Request:
	Request ID = accc0aad-0f52-4e12-843a-ceb0998a4f66
	Subject ID = 999
	Resource ID = 1111
	Action = read
	From Client = False
