2016-12-05 16:30:30.879 - Log.master - INFO - Starting the DistAlgo Project with config file: ../config/starvation.ini
2016-12-05 16:30:30.992 - Log.master - INFO - Number of coordinators = 2
2016-12-05 16:30:30.992 - Log.master - INFO - Number of clients = 3
2016-12-05 16:30:30.992 - Log.master - INFO - Number of workers per coordinator = 1
2016-12-05 16:30:31.023 - Log.worker - INFO - Started worker to evaluate policy in file: ../config/policy-example.xml
2016-12-05 16:30:31.023 - Log.worker - DEBUG - Content of Policy File: {'write': [<util.PolicyRule object at 0x109638da0>, <util.PolicyRule object at 0x109642978>, <util.PolicyRule object at 0x10964c8d0>, <util.PolicyRule object at 0x10964c940>, <util.PolicyRule object at 0x10964c9b0>, <util.PolicyRule object at 0x10964ca20>, <util.PolicyRule object at 0x10964ca90>], 'read': [<util.PolicyRule object at 0x109642898>, <util.PolicyRule object at 0x10964c898>, <util.PolicyRule object at 0x10964c908>, <util.PolicyRule object at 0x10964c978>, <util.PolicyRule object at 0x10964c9e8>, <util.PolicyRule object at 0x10964ca58>, <util.PolicyRule object at 0x10964cac8>]}
2016-12-05 16:30:31.041 - Log.worker - INFO - Started worker to evaluate policy in file: ../config/policy-example.xml
2016-12-05 16:30:31.041 - Log.worker - DEBUG - Content of Policy File: {'write': [<util.PolicyRule object at 0x10946f8d0>, <util.PolicyRule object at 0x10946fef0>, <util.PolicyRule object at 0x10947de48>, <util.PolicyRule object at 0x10947deb8>, <util.PolicyRule object at 0x10947df28>, <util.PolicyRule object at 0x10947df98>, <util.PolicyRule object at 0x109475048>], 'read': [<util.PolicyRule object at 0x10946fe10>, <util.PolicyRule object at 0x10947de10>, <util.PolicyRule object at 0x10947de80>, <util.PolicyRule object at 0x10947def0>, <util.PolicyRule object at 0x10947df60>, <util.PolicyRule object at 0x10947dfd0>, <util.PolicyRule object at 0x109475080>]}
2016-12-05 16:30:31.054 - Log.database - INFO - Started Database Instance with dbInitFile = ../config/dbPolicy.xml, Min DB Latency = 1 and Max DB Latency = 1
2016-12-05 16:30:31.054 - Log.database - INFO - Initialized DB with:
\Object Attributes = {'52': {'movie': [('StarWars', 0)], 'type': [('inc2Y', 0)]}, '12': {'type': [('bank', 0)], 'id': [('bank A', 0)]}, '21': {'position': [('viewer', 0)], 'history': [('', 0)], 'type': [('viewer', 0)]}, '61': {'history': [('', 0)], 'type': [('starX', 0)], 'viewCount': [('0', 0)]}, '31': {'type': [('incX', 0)], 'viewCount': [('0', 0)]}, '51': {'type': [('inc2X', 0)], 'viewCount': [('0', 0)]}, '62': {'movie': [('StarWars', 0)], 'history': [('', 0)], 'type': [('starY', 0)]}, '42': {'movie': [('StarWars', 0)], 'type': [('watch', 0)]}, '32': {'movie': [('StarWars', 0)], 'type': [('incY', 0)]}, '22': {'type': [('movie', 0)], 'viewCount': [('0', 0)]}, '41': {'type': [('Tom', 0)], 'viewCount': [('0', 0)]}, '11': {'position': [('employee', 0)], 'history': [('', 0)], 'type': [('person', 0)]}}
2016-12-05 16:30:31.055 - Log.coordinator - INFO - Starting Coordinator with 1 workers
2016-12-05 16:30:31.055 - Log.coordinator - INFO - Starting Coordinator with 1 workers
2016-12-05 16:30:31.057 - Log.master - INFO - All processes completed. Terminating...
2016-12-05 16:30:31.068 - Log.client - INFO - Started Client 1
2016-12-05 16:30:31.069 - Log.client - INFO - Sending following request to coordinator
Request{RequestID: 0dd162dd-a9b2-44fb-8f94-2ddb3782f6a9, Object X: 61, Object Y: 62, action: read}
2016-12-05 16:30:31.071 - Log.coordinator - INFO - [COORD 1] Request received from client:

	Request ID = 0dd162dd-a9b2-44fb-8f94-2ddb3782f6a9
	ObjectX = 61
	ObjectY = 62
	Action = read
	Is Client = True
	From client = None
	Is Read Only = True
	SessionIdX = None
	SessionIdY = None
	defReadAttrX = ['viewCount']
	defReadAttrY = ['movie']
	mightReadAttrX = ['history']
	mightReadAttrY = []
	mightWriteAttrX = []
	mightWriteAttrY = []
	cachedUpdatesX = {}
	cachedUpdatesY = {}
	readAttrX = []
	readAttrY = []
	objectSwap = False
	ts = None
2016-12-05 16:30:31.073 - Log.coordinator - INFO - [COORD 2] Request received from coord:

	Request ID = 0dd162dd-a9b2-44fb-8f94-2ddb3782f6a9
	ObjectX = 61
	ObjectY = 62
	Action = read
	Is Client = True
	From client = <Client:1cc07>
	Is Read Only = True
	SessionIdX = None
	SessionIdY = None
	defReadAttrX = ['viewCount']
	defReadAttrY = ['movie']
	mightReadAttrX = ['history']
	mightReadAttrY = []
	mightWriteAttrX = []
	mightWriteAttrY = []
	cachedUpdatesX = {}
	cachedUpdatesY = {}
	readAttrX = []
	readAttrY = []
	objectSwap = False
	ts = 1480973431.072254
2016-12-05 16:30:31.075 - Log.worker - INFO - Sending message to initiate database read for attributes not in cache for Request:
	Request ID = 0dd162dd-a9b2-44fb-8f94-2ddb3782f6a9
	ObjectX = 61
	ObjectY = 62
	Action = read
	Is Client = True
	From client = <Client:1cc07>
	Is Read Only = True
	SessionIdX = None
	SessionIdY = None
	defReadAttrX = ['viewCount']
	defReadAttrY = ['movie']
	mightReadAttrX = ['history']
	mightReadAttrY = []
	mightWriteAttrX = []
	mightWriteAttrY = []
	cachedUpdatesX = {}
	cachedUpdatesY = {}
	readAttrX = []
	readAttrY = []
	objectSwap = False
	ts = 1480973431.072254
2016-12-05 16:30:31.076 - Log.database - INFO - Received request from Worker to get attributes for following request: 
	Request ID = 0dd162dd-a9b2-44fb-8f94-2ddb3782f6a9
	ObjectX = 61
	ObjectY = 62
	Action = read
	Is Client = True
	From client = <Client:1cc07>
	Is Read Only = True
	SessionIdX = None
	SessionIdY = None
	defReadAttrX = ['viewCount']
	defReadAttrY = ['movie']
	mightReadAttrX = ['history']
	mightReadAttrY = []
	mightWriteAttrX = []
	mightWriteAttrY = []
	cachedUpdatesX = {}
	cachedUpdatesY = {}
	readAttrX = []
	readAttrY = []
	objectSwap = False
	ts = 1480973431.072254
2016-12-05 16:30:31.077 - Log.database - INFO - Sending following response to Worker with updated attributes from database:
	Request ID = 0dd162dd-a9b2-44fb-8f94-2ddb3782f6a9
	ObjectX = 61
	ObjectY = 62
	Action = read
	Is Client = True
	From client = <Client:1cc07>
	Is Read Only = True
	SessionIdX = None
	SessionIdY = None
	defReadAttrX = ['viewCount']
	defReadAttrY = ['movie']
	mightReadAttrX = ['history']
	mightReadAttrY = []
	mightWriteAttrX = []
	mightWriteAttrY = []
	cachedUpdatesX = {}
	cachedUpdatesY = {}
	readAttrX = []
	readAttrY = []
	objectSwap = False
	ts = 1480973431.072254
	Evaluation Result = True
\Object X Map read from DB = {'history': '', 'type': 'starX', 'viewCount': '0'}
\Object Y Map read from DB = {'movie': 'StarWars', 'history': '', 'type': 'starY'}
2016-12-05 16:30:31.078 - Log.client - INFO - Started Client 2
2016-12-05 16:30:31.078 - Log.client - INFO - Sending following request to coordinator
Request{RequestID: 6a3a2704-bbee-474d-bb4d-9b1a6cb3a393, Object X: 61, Object Y: 62, action: write}
2016-12-05 16:30:31.079 - Log.coordinator - INFO - [COORD 1] Request received from client:

	Request ID = 6a3a2704-bbee-474d-bb4d-9b1a6cb3a393
	ObjectX = 61
	ObjectY = 62
	Action = write
	Is Client = True
	From client = None
	Is Read Only = False
	SessionIdX = None
	SessionIdY = None
	defReadAttrX = ['viewCount', 'history']
	defReadAttrY = ['movie']
	mightReadAttrX = []
	mightReadAttrY = []
	mightWriteAttrX = []
	mightWriteAttrY = ['movie']
	cachedUpdatesX = {}
	cachedUpdatesY = {}
	readAttrX = []
	readAttrY = []
	objectSwap = False
	ts = None
2016-12-05 16:30:31.081 - Log.coordinator - INFO - [COORD 2] Request received from coord:

	Request ID = 6a3a2704-bbee-474d-bb4d-9b1a6cb3a393
	ObjectX = 61
	ObjectY = 62
	Action = write
	Is Client = True
	From client = <Client:1cc06>
	Is Read Only = False
	SessionIdX = None
	SessionIdY = None
	defReadAttrX = ['viewCount', 'history']
	defReadAttrY = ['movie']
	mightReadAttrX = []
	mightReadAttrY = []
	mightWriteAttrX = []
	mightWriteAttrY = ['movie']
	cachedUpdatesX = {}
	cachedUpdatesY = {}
	readAttrX = []
	readAttrY = []
	objectSwap = False
	ts = 1480973431.080216
2016-12-05 16:30:31.088 - Log.client - INFO - Started Client 3
2016-12-05 16:30:31.089 - Log.client - INFO - Sending following request to coordinator
Request{RequestID: fef4f96b-2203-4f7b-8775-7f6bae6cca9c, Object X: 61, Object Y: 62, action: read}
2016-12-05 16:30:31.091 - Log.coordinator - INFO - [COORD 1] Request received from client:

	Request ID = fef4f96b-2203-4f7b-8775-7f6bae6cca9c
	ObjectX = 61
	ObjectY = 62
	Action = read
	Is Client = True
	From client = None
	Is Read Only = True
	SessionIdX = None
	SessionIdY = None
	defReadAttrX = ['viewCount']
	defReadAttrY = ['movie']
	mightReadAttrX = ['history']
	mightReadAttrY = []
	mightWriteAttrX = []
	mightWriteAttrY = []
	cachedUpdatesX = {}
	cachedUpdatesY = {}
	readAttrX = []
	readAttrY = []
	objectSwap = False
	ts = None
2016-12-05 16:30:31.092 - Log.coordinator - INFO - [COORD 2] Request received from coord:

	Request ID = fef4f96b-2203-4f7b-8775-7f6bae6cca9c
	ObjectX = 61
	ObjectY = 62
	Action = read
	Is Client = True
	From client = <Client:1cc05>
	Is Read Only = True
	SessionIdX = None
	SessionIdY = None
	defReadAttrX = ['viewCount']
	defReadAttrY = ['movie']
	mightReadAttrX = ['history']
	mightReadAttrY = []
	mightWriteAttrX = []
	mightWriteAttrY = []
	cachedUpdatesX = {}
	cachedUpdatesY = {}
	readAttrX = []
	readAttrY = []
	objectSwap = False
	ts = 1480973431.091595
2016-12-05 16:30:32.079 - Log.worker - INFO - Received following DB response:
	Request ID = 0dd162dd-a9b2-44fb-8f94-2ddb3782f6a9
	ObjectX = 61
	ObjectY = 62
	Action = read
	Is Client = True
	From client = <Client:1cc07>
	Is Read Only = True
	SessionIdX = None
	SessionIdY = None
	defReadAttrX = ['viewCount']
	defReadAttrY = ['movie']
	mightReadAttrX = ['history']
	mightReadAttrY = []
	mightWriteAttrX = []
	mightWriteAttrY = []
	cachedUpdatesX = {}
	cachedUpdatesY = {}
	readAttrX = []
	readAttrY = []
	objectSwap = False
	ts = 1480973431.072254
	Evaluation Result = True
\Object X Map read from DB = {'history': '', 'type': 'starX', 'viewCount': '0'}
\Object Y Map read from DB = {'movie': 'StarWars', 'history': '', 'type': 'starY'}
2016-12-05 16:30:32.080 - Log.worker - INFO - Sending following Worker Response to Coordinator:
	Request ID = 0dd162dd-a9b2-44fb-8f94-2ddb3782f6a9
	ObjectX = 61
	ObjectY = 62
	Action = read
	Is Client = True
	From client = <Client:1cc07>
	Is Read Only = True
	SessionIdX = None
	SessionIdY = None
	defReadAttrX = ['viewCount']
	defReadAttrY = ['movie']
	mightReadAttrX = ['history']
	mightReadAttrY = []
	mightWriteAttrX = []
	mightWriteAttrY = []
	cachedUpdatesX = {}
	cachedUpdatesY = {}
	readAttrX = ['history', 'type', 'viewCount']
	readAttrY = ['movie', 'history', 'type']
	objectSwap = False
	ts = 1480973431.072254
	Decision = True
	Updated Obj = None
	Read only Obj = 62
	Map with updates = {}
2016-12-05 16:30:32.083 - Log.client - INFO - Allow access to client 1 for Request{RequestID: 0dd162dd-a9b2-44fb-8f94-2ddb3782f6a9, Object X: 61, Object Y: 62, action: read}
2016-12-05 16:30:32.083 - Log.worker - INFO - Sending message to initiate database read for attributes not in cache for Request:
	Request ID = 6a3a2704-bbee-474d-bb4d-9b1a6cb3a393
	ObjectX = 61
	ObjectY = 62
	Action = write
	Is Client = True
	From client = <Client:1cc06>
	Is Read Only = False
	SessionIdX = None
	SessionIdY = None
	defReadAttrX = ['viewCount', 'history']
	defReadAttrY = ['movie']
	mightReadAttrX = []
	mightReadAttrY = []
	mightWriteAttrX = []
	mightWriteAttrY = ['movie']
	cachedUpdatesX = {}
	cachedUpdatesY = {}
	readAttrX = []
	readAttrY = []
	objectSwap = False
	ts = 1480973431.080216
2016-12-05 16:30:32.084 - Log.worker - INFO - Sending message to initiate database read for attributes not in cache for Request:
	Request ID = fef4f96b-2203-4f7b-8775-7f6bae6cca9c
	ObjectX = 61
	ObjectY = 62
	Action = read
	Is Client = True
	From client = <Client:1cc05>
	Is Read Only = True
	SessionIdX = None
	SessionIdY = None
	defReadAttrX = ['viewCount']
	defReadAttrY = ['movie']
	mightReadAttrX = ['history']
	mightReadAttrY = []
	mightWriteAttrX = []
	mightWriteAttrY = []
	cachedUpdatesX = {}
	cachedUpdatesY = {}
	readAttrX = []
	readAttrY = []
	objectSwap = False
	ts = 1480973431.091595
2016-12-05 16:30:32.084 - Log.database - INFO - Received request from Worker to get attributes for following request: 
	Request ID = 6a3a2704-bbee-474d-bb4d-9b1a6cb3a393
	ObjectX = 61
	ObjectY = 62
	Action = write
	Is Client = True
	From client = <Client:1cc06>
	Is Read Only = False
	SessionIdX = None
	SessionIdY = None
	defReadAttrX = ['viewCount', 'history']
	defReadAttrY = ['movie']
	mightReadAttrX = []
	mightReadAttrY = []
	mightWriteAttrX = []
	mightWriteAttrY = ['movie']
	cachedUpdatesX = {}
	cachedUpdatesY = {}
	readAttrX = []
	readAttrY = []
	objectSwap = False
	ts = 1480973431.080216
2016-12-05 16:30:32.085 - Log.database - INFO - Sending following response to Worker with updated attributes from database:
	Request ID = 6a3a2704-bbee-474d-bb4d-9b1a6cb3a393
	ObjectX = 61
	ObjectY = 62
	Action = write
	Is Client = True
	From client = <Client:1cc06>
	Is Read Only = False
	SessionIdX = None
	SessionIdY = None
	defReadAttrX = ['viewCount', 'history']
	defReadAttrY = ['movie']
	mightReadAttrX = []
	mightReadAttrY = []
	mightWriteAttrX = []
	mightWriteAttrY = ['movie']
	cachedUpdatesX = {}
	cachedUpdatesY = {}
	readAttrX = []
	readAttrY = []
	objectSwap = False
	ts = 1480973431.080216
	Evaluation Result = True
\Object X Map read from DB = {'history': '', 'type': 'starX', 'viewCount': '0'}
\Object Y Map read from DB = {'movie': 'StarWars', 'history': '', 'type': 'starY'}
2016-12-05 16:30:32.085 - Log.database - INFO - Received request from Worker to get attributes for following request: 
	Request ID = fef4f96b-2203-4f7b-8775-7f6bae6cca9c
	ObjectX = 61
	ObjectY = 62
	Action = read
	Is Client = True
	From client = <Client:1cc05>
	Is Read Only = True
	SessionIdX = None
	SessionIdY = None
	defReadAttrX = ['viewCount']
	defReadAttrY = ['movie']
	mightReadAttrX = ['history']
	mightReadAttrY = []
	mightWriteAttrX = []
	mightWriteAttrY = []
	cachedUpdatesX = {}
	cachedUpdatesY = {}
	readAttrX = []
	readAttrY = []
	objectSwap = False
	ts = 1480973431.091595
2016-12-05 16:30:32.085 - Log.database - INFO - Sending following response to Worker with updated attributes from database:
	Request ID = fef4f96b-2203-4f7b-8775-7f6bae6cca9c
	ObjectX = 61
	ObjectY = 62
	Action = read
	Is Client = True
	From client = <Client:1cc05>
	Is Read Only = True
	SessionIdX = None
	SessionIdY = None
	defReadAttrX = ['viewCount']
	defReadAttrY = ['movie']
	mightReadAttrX = ['history']
	mightReadAttrY = []
	mightWriteAttrX = []
	mightWriteAttrY = []
	cachedUpdatesX = {}
	cachedUpdatesY = {}
	readAttrX = []
	readAttrY = []
	objectSwap = False
	ts = 1480973431.091595
	Evaluation Result = True
\Object X Map read from DB = {'history': '', 'type': 'starX', 'viewCount': '0'}
\Object Y Map read from DB = {'movie': 'StarWars', 'history': '', 'type': 'starY'}
2016-12-05 16:30:39.087 - Log.worker - INFO - Received following DB response:
	Request ID = 6a3a2704-bbee-474d-bb4d-9b1a6cb3a393
	ObjectX = 61
	ObjectY = 62
	Action = write
	Is Client = True
	From client = <Client:1cc06>
	Is Read Only = False
	SessionIdX = None
	SessionIdY = None
	defReadAttrX = ['viewCount', 'history']
	defReadAttrY = ['movie']
	mightReadAttrX = []
	mightReadAttrY = []
	mightWriteAttrX = []
	mightWriteAttrY = ['movie']
	cachedUpdatesX = {}
	cachedUpdatesY = {}
	readAttrX = []
	readAttrY = []
	objectSwap = False
	ts = 1480973431.080216
	Evaluation Result = True
\Object X Map read from DB = {'history': '', 'type': 'starX', 'viewCount': '0'}
\Object Y Map read from DB = {'movie': 'StarWars', 'history': '', 'type': 'starY'}
2016-12-05 16:30:39.088 - Log.worker - INFO - Sending following Worker Response to Coordinator:
	Request ID = 6a3a2704-bbee-474d-bb4d-9b1a6cb3a393
	ObjectX = 61
	ObjectY = 62
	Action = write
	Is Client = True
	From client = <Client:1cc06>
	Is Read Only = False
	SessionIdX = None
	SessionIdY = None
	defReadAttrX = ['viewCount', 'history']
	defReadAttrY = ['movie']
	mightReadAttrX = []
	mightReadAttrY = []
	mightWriteAttrX = []
	mightWriteAttrY = ['movie']
	cachedUpdatesX = {}
	cachedUpdatesY = {}
	readAttrX = ['history', 'type', 'viewCount']
	readAttrY = ['movie', 'history', 'type']
	objectSwap = False
	ts = 1480973431.080216
	Decision = True
	Updated Obj = 61
	Read only Obj = 62
	Map with updates = {'viewCount': '1'}
2016-12-05 16:30:39.090 - Log.coordinator - INFO - Reached non-local coordinator from worker: local to wroker: 73ad96f0-dd0d-4dc1-baac-814118cb1575, reached to: 654fc22f-e7bb-4130-bc56-e2d1c4e287d1
2016-12-05 16:30:39.090 - Log.coordinator - INFO - [COORD RESULT] Result received from worker for request:

	Request ID = 6a3a2704-bbee-474d-bb4d-9b1a6cb3a393
	ObjectX = 61
	ObjectY = 62
	Action = write
	Is Client = True
	From client = <Client:1cc06>
	Is Read Only = False
	SessionIdX = None
	SessionIdY = None
	defReadAttrX = ['viewCount', 'history']
	defReadAttrY = ['movie']
	mightReadAttrX = []
	mightReadAttrY = []
	mightWriteAttrX = []
	mightWriteAttrY = ['movie']
	cachedUpdatesX = {}
	cachedUpdatesY = {}
	readAttrX = ['history', 'type', 'viewCount']
	readAttrY = ['movie', 'history', 'type']
	objectSwap = False
	ts = 1480973431.080216
2016-12-05 16:30:39.090 - Log.coordinator - INFO - Restart due to outer conflict for request:

	Request ID = 6a3a2704-bbee-474d-bb4d-9b1a6cb3a393
	ObjectX = 61
	ObjectY = 62
	Action = write
	Is Client = True
	From client = <Client:1cc06>
	Is Read Only = False
	SessionIdX = None
	SessionIdY = None
	defReadAttrX = ['viewCount', 'history']
	defReadAttrY = ['movie']
	mightReadAttrX = []
	mightReadAttrY = []
	mightWriteAttrX = []
	mightWriteAttrY = ['movie']
	cachedUpdatesX = {}
	cachedUpdatesY = {}
	readAttrX = ['history', 'type', 'viewCount']
	readAttrY = ['movie', 'history', 'type']
	objectSwap = False
	ts = 1480973431.080216
2016-12-05 16:30:39.092 - Log.coordinator - INFO - [COORD 1] Request received from client:

	Request ID = 6a3a2704-bbee-474d-bb4d-9b1a6cb3a393
	ObjectX = 61
	ObjectY = 62
	Action = write
	Is Client = True
	From client = <Client:1cc06>
	Is Read Only = False
	SessionIdX = None
	SessionIdY = None
	defReadAttrX = ['viewCount', 'history']
	defReadAttrY = ['movie']
	mightReadAttrX = []
	mightReadAttrY = []
	mightWriteAttrX = []
	mightWriteAttrY = ['movie']
	cachedUpdatesX = {}
	cachedUpdatesY = {}
	readAttrX = ['history', 'type', 'viewCount']
	readAttrY = ['movie', 'history', 'type']
	objectSwap = False
	ts = 1480973431.080216
2016-12-05 16:30:39.092 - Log.coordinator - INFO - [COORD 2] Request received from coord:

	Request ID = 6a3a2704-bbee-474d-bb4d-9b1a6cb3a393
	ObjectX = 61
	ObjectY = 62
	Action = write
	Is Client = True
	From client = <Client:1cc06>
	Is Read Only = False
	SessionIdX = None
	SessionIdY = None
	defReadAttrX = ['viewCount', 'history']
	defReadAttrY = ['movie']
	mightReadAttrX = []
	mightReadAttrY = []
	mightWriteAttrX = []
	mightWriteAttrY = ['movie']
	cachedUpdatesX = {}
	cachedUpdatesY = {}
	readAttrX = ['history', 'type', 'viewCount']
	readAttrY = ['movie', 'history', 'type']
	objectSwap = False
	ts = 1480973439.092484
2016-12-05 16:30:40.090 - Log.worker - INFO - Received following DB response:
	Request ID = fef4f96b-2203-4f7b-8775-7f6bae6cca9c
	ObjectX = 61
	ObjectY = 62
	Action = read
	Is Client = True
	From client = <Client:1cc05>
	Is Read Only = True
	SessionIdX = None
	SessionIdY = None
	defReadAttrX = ['viewCount']
	defReadAttrY = ['movie']
	mightReadAttrX = ['history']
	mightReadAttrY = []
	mightWriteAttrX = []
	mightWriteAttrY = []
	cachedUpdatesX = {}
	cachedUpdatesY = {}
	readAttrX = []
	readAttrY = []
	objectSwap = False
	ts = 1480973431.091595
	Evaluation Result = True
\Object X Map read from DB = {'history': '', 'type': 'starX', 'viewCount': '0'}
\Object Y Map read from DB = {'movie': 'StarWars', 'history': '', 'type': 'starY'}
2016-12-05 16:30:40.091 - Log.worker - INFO - Sending following Worker Response to Coordinator:
	Request ID = fef4f96b-2203-4f7b-8775-7f6bae6cca9c
	ObjectX = 61
	ObjectY = 62
	Action = read
	Is Client = True
	From client = <Client:1cc05>
	Is Read Only = True
	SessionIdX = None
	SessionIdY = None
	defReadAttrX = ['viewCount']
	defReadAttrY = ['movie']
	mightReadAttrX = ['history']
	mightReadAttrY = []
	mightWriteAttrX = []
	mightWriteAttrY = []
	cachedUpdatesX = {}
	cachedUpdatesY = {}
	readAttrX = ['history', 'type', 'viewCount']
	readAttrY = ['movie', 'history', 'type']
	objectSwap = False
	ts = 1480973431.091595
	Decision = True
	Updated Obj = None
	Read only Obj = 62
	Map with updates = {}
2016-12-05 16:30:40.094 - Log.worker - INFO - Sending message to initiate database read for attributes not in cache for Request:
	Request ID = 6a3a2704-bbee-474d-bb4d-9b1a6cb3a393
	ObjectX = 61
	ObjectY = 62
	Action = write
	Is Client = True
	From client = <Client:1cc06>
	Is Read Only = False
	SessionIdX = None
	SessionIdY = None
	defReadAttrX = ['viewCount', 'history']
	defReadAttrY = ['movie']
	mightReadAttrX = []
	mightReadAttrY = []
	mightWriteAttrX = []
	mightWriteAttrY = ['movie']
	cachedUpdatesX = {}
	cachedUpdatesY = {}
	readAttrX = ['history', 'type', 'viewCount']
	readAttrY = ['movie', 'history', 'type']
	objectSwap = False
	ts = 1480973439.092484
2016-12-05 16:30:40.094 - Log.client - INFO - Allow access to client 3 for Request{RequestID: fef4f96b-2203-4f7b-8775-7f6bae6cca9c, Object X: 61, Object Y: 62, action: read}
2016-12-05 16:30:40.095 - Log.database - INFO - Received request from Worker to get attributes for following request: 
	Request ID = 6a3a2704-bbee-474d-bb4d-9b1a6cb3a393
	ObjectX = 61
	ObjectY = 62
	Action = write
	Is Client = True
	From client = <Client:1cc06>
	Is Read Only = False
	SessionIdX = None
	SessionIdY = None
	defReadAttrX = ['viewCount', 'history']
	defReadAttrY = ['movie']
	mightReadAttrX = []
	mightReadAttrY = []
	mightWriteAttrX = []
	mightWriteAttrY = ['movie']
	cachedUpdatesX = {}
	cachedUpdatesY = {}
	readAttrX = ['history', 'type', 'viewCount']
	readAttrY = ['movie', 'history', 'type']
	objectSwap = False
	ts = 1480973439.092484
2016-12-05 16:30:40.096 - Log.database - INFO - Sending following response to Worker with updated attributes from database:
	Request ID = 6a3a2704-bbee-474d-bb4d-9b1a6cb3a393
	ObjectX = 61
	ObjectY = 62
	Action = write
	Is Client = True
	From client = <Client:1cc06>
	Is Read Only = False
	SessionIdX = None
	SessionIdY = None
	defReadAttrX = ['viewCount', 'history']
	defReadAttrY = ['movie']
	mightReadAttrX = []
	mightReadAttrY = []
	mightWriteAttrX = []
	mightWriteAttrY = ['movie']
	cachedUpdatesX = {}
	cachedUpdatesY = {}
	readAttrX = ['history', 'type', 'viewCount']
	readAttrY = ['movie', 'history', 'type']
	objectSwap = False
	ts = 1480973439.092484
	Evaluation Result = True
\Object X Map read from DB = {'history': '', 'type': 'starX', 'viewCount': '0'}
\Object Y Map read from DB = {'movie': 'StarWars', 'history': '', 'type': 'starY'}
2016-12-05 16:30:47.097 - Log.worker - INFO - Received following DB response:
	Request ID = 6a3a2704-bbee-474d-bb4d-9b1a6cb3a393
	ObjectX = 61
	ObjectY = 62
	Action = write
	Is Client = True
	From client = <Client:1cc06>
	Is Read Only = False
	SessionIdX = None
	SessionIdY = None
	defReadAttrX = ['viewCount', 'history']
	defReadAttrY = ['movie']
	mightReadAttrX = []
	mightReadAttrY = []
	mightWriteAttrX = []
	mightWriteAttrY = ['movie']
	cachedUpdatesX = {}
	cachedUpdatesY = {}
	readAttrX = ['history', 'type', 'viewCount']
	readAttrY = ['movie', 'history', 'type']
	objectSwap = False
	ts = 1480973439.092484
	Evaluation Result = True
\Object X Map read from DB = {'history': '', 'type': 'starX', 'viewCount': '0'}
\Object Y Map read from DB = {'movie': 'StarWars', 'history': '', 'type': 'starY'}
2016-12-05 16:30:47.097 - Log.worker - INFO - Sending following Worker Response to Coordinator:
	Request ID = 6a3a2704-bbee-474d-bb4d-9b1a6cb3a393
	ObjectX = 61
	ObjectY = 62
	Action = write
	Is Client = True
	From client = <Client:1cc06>
	Is Read Only = False
	SessionIdX = None
	SessionIdY = None
	defReadAttrX = ['viewCount', 'history']
	defReadAttrY = ['movie']
	mightReadAttrX = []
	mightReadAttrY = []
	mightWriteAttrX = []
	mightWriteAttrY = ['movie']
	cachedUpdatesX = {}
	cachedUpdatesY = {}
	readAttrX = ['history', 'type', 'viewCount']
	readAttrY = ['movie', 'history', 'type']
	objectSwap = False
	ts = 1480973439.092484
	Decision = True
	Updated Obj = 61
	Read only Obj = 62
	Map with updates = {'viewCount': '1'}
2016-12-05 16:30:47.099 - Log.coordinator - INFO - Reached non-local coordinator from worker: local to wroker: 73ad96f0-dd0d-4dc1-baac-814118cb1575, reached to: 654fc22f-e7bb-4130-bc56-e2d1c4e287d1
2016-12-05 16:30:47.099 - Log.coordinator - INFO - [COORD RESULT] Result received from worker for request:

	Request ID = 6a3a2704-bbee-474d-bb4d-9b1a6cb3a393
	ObjectX = 61
	ObjectY = 62
	Action = write
	Is Client = True
	From client = <Client:1cc06>
	Is Read Only = False
	SessionIdX = None
	SessionIdY = None
	defReadAttrX = ['viewCount', 'history']
	defReadAttrY = ['movie']
	mightReadAttrX = []
	mightReadAttrY = []
	mightWriteAttrX = []
	mightWriteAttrY = ['movie']
	cachedUpdatesX = {}
	cachedUpdatesY = {}
	readAttrX = ['history', 'type', 'viewCount']
	readAttrY = ['movie', 'history', 'type']
	objectSwap = False
	ts = 1480973439.092484
2016-12-05 16:30:47.102 - Log.client - INFO - Allow access to client 2 for Request{RequestID: 6a3a2704-bbee-474d-bb4d-9b1a6cb3a393, Object X: 61, Object Y: 62, action: write}
